2020-04-19 21:18:48.0255||||Microsoft.Hosting.Lifetime|INFO|Application is shutting down... 
2020-04-19 21:18:48.2441||||OrchardCore.Modules.ModularBackgroundService|ERROR|'ModularBackgroundService' is stopping. 
2020-04-19 21:20:38.7460||||Microsoft.AspNetCore.DataProtection.KeyManagement.XmlKeyManager|INFO|User profile is available. Using '/Users/liangke/.aspnet/DataProtection-Keys' as key repository; keys will not be encrypted at rest. 
2020-04-19 21:20:38.8957||||Microsoft.Hosting.Lifetime|INFO|Now listening on: http://localhost:4000 
2020-04-19 21:20:38.8969||||Microsoft.Hosting.Lifetime|INFO|Application started. Press Ctrl+C to shut down. 
2020-04-19 21:20:38.8969||||Microsoft.Hosting.Lifetime|INFO|Hosting environment: Development 
2020-04-19 21:20:38.8969||||Microsoft.Hosting.Lifetime|INFO|Content root path: /Users/liangke/netCoreProject/orchard/develop/myCms 
2020-04-19 21:21:52.4332|None|0HLV4CIFRMIJ0:00000001||Microsoft.AspNetCore.Hosting.Diagnostics|INFO|Request starting HTTP/1.1 GET http://localhost:4000/articleModule/artile/article   
2020-04-19 21:21:52.4462|None|0HLV4CIFRMIJ0:00000001||OrchardCore.Environment.Shell.ShellHost|INFO|Start creation of shells 
2020-04-19 21:21:52.6317|None|0HLV4CIFRMIJ0:00000001||OrchardCore.Environment.Shell.Builders.ShellContextFactory|INFO|Creating shell context for tenant 'Default' 
2020-04-19 21:21:53.8250|None|0HLV4CIFRMIJ0:00000001||OrchardCore.Environment.Shell.ShellHost|INFO|Done pre-creating and registering shells 
2020-04-19 21:21:53.8929|Default|0HLV4CIFRMIJ0:00000001||OrchardCore.Data.Migration.DataMigrationManager|INFO|Updating feature 'OrchardCore.Alias' 
2020-04-19 21:21:53.8949|Default|0HLV4CIFRMIJ0:00000001||OrchardCore.Data.Migration.DataMigrationManager|INFO|Updating feature 'OrchardCore.Settings' 
2020-04-19 21:21:53.8956|Default|0HLV4CIFRMIJ0:00000001||OrchardCore.Data.Migration.DataMigrationManager|INFO|Updating feature 'OrchardCore.Liquid' 
2020-04-19 21:21:53.8956|Default|0HLV4CIFRMIJ0:00000001||OrchardCore.Data.Migration.DataMigrationManager|INFO|Updating feature 'OrchardCore.Contents' 
2020-04-19 21:21:53.8978|Default|0HLV4CIFRMIJ0:00000001||OrchardCore.Data.Migration.DataMigrationManager|INFO|Updating feature 'OrchardCore.ContentTypes' 
2020-04-19 21:21:53.8978|Default|0HLV4CIFRMIJ0:00000001||OrchardCore.Data.Migration.DataMigrationManager|ERROR|Could not run migrations automatically on 'OrchardCore.Alias' System.InvalidOperationException: Nullable object must have a value.
   at OrchardCore.Data.Migration.DataMigrationManager.UpdateAsync(String featureId)
   at OrchardCore.Data.Migration.DataMigrationManager.UpdateAllFeaturesAsync() in C:\projects\orchardcore\src\OrchardCore\OrchardCore.Data\Migration\DataMigrationManager.cs:line 364    at OrchardCore.Data.Migration.DataMigrationManager.UpdateAsync(String featureId)
   at OrchardCore.Data.Migration.DataMigrationManager.UpdateAllFeaturesAsync() in C:\projects\orchardcore\src\OrchardCore\OrchardCore.Data\Migration\DataMigrationManager.cs:line 364
2020-04-19 21:21:54.0357|Default|0HLV4CIFRMIJ0:00000001||OrchardCore.Modules.ModularTenantRouterMiddleware|INFO|Begin Routing Request 
2020-04-19 21:21:55.0107|Default|0HLV4CIFRMIJ0:00000001||Microsoft.AspNetCore.Routing.EndpointMiddleware|INFO|Executing endpoint 'OrchardCore.Diagnostics.Controllers.DiagnosticsController.Error (OrchardCore.Diagnostics)' 
2020-04-19 21:21:55.0930|Default|0HLV4CIFRMIJ0:00000001||Microsoft.AspNetCore.Mvc.Infrastructure.ControllerActionInvoker|INFO|Route matched with {area = "OrchardCore.Diagnostics", action = "Error", controller = "Diagnostics"}. Executing controller action with signature Microsoft.AspNetCore.Mvc.IActionResult Error(System.Nullable`1[System.Int32]) on controller OrchardCore.Diagnostics.Controllers.DiagnosticsController (OrchardCore.Diagnostics). 
2020-04-19 21:21:55.1434|Default|0HLV4CIFRMIJ0:00000001||OrchardCore.DisplayManagement.Descriptors.DefaultShapeTableManager|INFO|Start building shape table 
2020-04-19 21:21:55.1689|Default|0HLV4CIFRMIJ0:00000001||OrchardCore.DisplayManagement.Descriptors.DefaultShapeTableManager|INFO|Start discovering shapes 
2020-04-19 21:21:55.1710|Default|0HLV4CIFRMIJ0:00000001||OrchardCore.DisplayManagement.Descriptors.DefaultShapeTableManager|INFO|Start discovering candidate views filenames 
2020-04-19 21:21:55.1724|Default|0HLV4CIFRMIJ0:00000001||OrchardCore.DisplayManagement.Descriptors.DefaultShapeTableManager|INFO|Done discovering candidate views filenames 
2020-04-19 21:21:55.1735|Default|0HLV4CIFRMIJ0:00000001||OrchardCore.DisplayManagement.Descriptors.DefaultShapeTableManager|INFO|Start discovering candidate views filenames 
2020-04-19 21:21:55.1735|Default|0HLV4CIFRMIJ0:00000001||OrchardCore.DisplayManagement.Descriptors.DefaultShapeTableManager|INFO|Done discovering candidate views filenames 
2020-04-19 21:21:55.1759|Default|0HLV4CIFRMIJ0:00000001||OrchardCore.DisplayManagement.Descriptors.DefaultShapeTableManager|INFO|Start discovering candidate views filenames 
2020-04-19 21:21:55.1759|Default|0HLV4CIFRMIJ0:00000001||OrchardCore.DisplayManagement.Descriptors.DefaultShapeTableManager|INFO|Done discovering candidate views filenames 
2020-04-19 21:21:55.1759|Default|0HLV4CIFRMIJ0:00000001||OrchardCore.DisplayManagement.Descriptors.DefaultShapeTableManager|INFO|Start discovering candidate views filenames 
2020-04-19 21:21:55.1766|Default|0HLV4CIFRMIJ0:00000001||OrchardCore.DisplayManagement.Descriptors.DefaultShapeTableManager|INFO|Done discovering candidate views filenames 
2020-04-19 21:21:55.1766|Default|0HLV4CIFRMIJ0:00000001||OrchardCore.DisplayManagement.Descriptors.DefaultShapeTableManager|INFO|Start discovering candidate views filenames 
2020-04-19 21:21:55.1766|Default|0HLV4CIFRMIJ0:00000001||OrchardCore.DisplayManagement.Descriptors.DefaultShapeTableManager|INFO|Done discovering candidate views filenames 
2020-04-19 21:21:55.1775|Default|0HLV4CIFRMIJ0:00000001||OrchardCore.DisplayManagement.Descriptors.DefaultShapeTableManager|INFO|Start discovering candidate views filenames 
2020-04-19 21:21:55.1775|Default|0HLV4CIFRMIJ0:00000001||OrchardCore.DisplayManagement.Descriptors.DefaultShapeTableManager|INFO|Done discovering candidate views filenames 
2020-04-19 21:21:55.1775|Default|0HLV4CIFRMIJ0:00000001||OrchardCore.DisplayManagement.Descriptors.DefaultShapeTableManager|INFO|Start discovering candidate views filenames 
2020-04-19 21:21:55.1786|Default|0HLV4CIFRMIJ0:00000001||OrchardCore.DisplayManagement.Descriptors.DefaultShapeTableManager|INFO|Done discovering candidate views filenames 
2020-04-19 21:21:55.1815|Default|0HLV4CIFRMIJ0:00000001||OrchardCore.DisplayManagement.Descriptors.DefaultShapeTableManager|INFO|Start discovering candidate views filenames 
2020-04-19 21:21:55.1815|Default|0HLV4CIFRMIJ0:00000001||OrchardCore.DisplayManagement.Descriptors.DefaultShapeTableManager|INFO|Done discovering candidate views filenames 
2020-04-19 21:21:55.1826|Default|0HLV4CIFRMIJ0:00000001||OrchardCore.DisplayManagement.Descriptors.DefaultShapeTableManager|INFO|Start discovering candidate views filenames 
2020-04-19 21:21:55.1826|Default|0HLV4CIFRMIJ0:00000001||OrchardCore.DisplayManagement.Descriptors.DefaultShapeTableManager|INFO|Done discovering candidate views filenames 
2020-04-19 21:21:55.1826|Default|0HLV4CIFRMIJ0:00000001||OrchardCore.DisplayManagement.Descriptors.DefaultShapeTableManager|INFO|Start discovering candidate views filenames 
2020-04-19 21:21:55.1826|Default|0HLV4CIFRMIJ0:00000001||OrchardCore.DisplayManagement.Descriptors.DefaultShapeTableManager|INFO|Done discovering candidate views filenames 
2020-04-19 21:21:55.1836|Default|0HLV4CIFRMIJ0:00000001||OrchardCore.DisplayManagement.Descriptors.DefaultShapeTableManager|INFO|Start discovering candidate views filenames 
2020-04-19 21:21:55.1836|Default|0HLV4CIFRMIJ0:00000001||OrchardCore.DisplayManagement.Descriptors.DefaultShapeTableManager|INFO|Done discovering candidate views filenames 
2020-04-19 21:21:55.1875|Default|0HLV4CIFRMIJ0:00000001||OrchardCore.DisplayManagement.Descriptors.DefaultShapeTableManager|INFO|Start discovering candidate views filenames 
2020-04-19 21:21:55.1875|Default|0HLV4CIFRMIJ0:00000001||OrchardCore.DisplayManagement.Descriptors.DefaultShapeTableManager|INFO|Done discovering candidate views filenames 
2020-04-19 21:21:55.1875|Default|0HLV4CIFRMIJ0:00000001||OrchardCore.DisplayManagement.Descriptors.DefaultShapeTableManager|INFO|Start discovering candidate views filenames 
2020-04-19 21:21:55.1888|Default|0HLV4CIFRMIJ0:00000001||OrchardCore.DisplayManagement.Descriptors.DefaultShapeTableManager|INFO|Done discovering candidate views filenames 
2020-04-19 21:21:55.1888|Default|0HLV4CIFRMIJ0:00000001||OrchardCore.DisplayManagement.Descriptors.DefaultShapeTableManager|INFO|Start discovering candidate views filenames 
2020-04-19 21:21:55.1888|Default|0HLV4CIFRMIJ0:00000001||OrchardCore.DisplayManagement.Descriptors.DefaultShapeTableManager|INFO|Done discovering candidate views filenames 
2020-04-19 21:21:55.1896|Default|0HLV4CIFRMIJ0:00000001||OrchardCore.DisplayManagement.Descriptors.DefaultShapeTableManager|INFO|Start discovering candidate views filenames 
2020-04-19 21:21:55.1896|Default|0HLV4CIFRMIJ0:00000001||OrchardCore.DisplayManagement.Descriptors.DefaultShapeTableManager|INFO|Done discovering candidate views filenames 
2020-04-19 21:21:55.1896|Default|0HLV4CIFRMIJ0:00000001||OrchardCore.DisplayManagement.Descriptors.DefaultShapeTableManager|INFO|Start discovering candidate views filenames 
2020-04-19 21:21:55.1907|Default|0HLV4CIFRMIJ0:00000001||OrchardCore.DisplayManagement.Descriptors.DefaultShapeTableManager|INFO|Done discovering candidate views filenames 
2020-04-19 21:21:55.1907|Default|0HLV4CIFRMIJ0:00000001||OrchardCore.DisplayManagement.Descriptors.DefaultShapeTableManager|INFO|Start discovering candidate views filenames 
2020-04-19 21:21:55.1907|Default|0HLV4CIFRMIJ0:00000001||OrchardCore.DisplayManagement.Descriptors.DefaultShapeTableManager|INFO|Done discovering candidate views filenames 
2020-04-19 21:21:55.1907|Default|0HLV4CIFRMIJ0:00000001||OrchardCore.DisplayManagement.Descriptors.DefaultShapeTableManager|INFO|Start discovering candidate views filenames 
2020-04-19 21:21:55.1915|Default|0HLV4CIFRMIJ0:00000001||OrchardCore.DisplayManagement.Descriptors.DefaultShapeTableManager|INFO|Done discovering candidate views filenames 
2020-04-19 21:21:55.1915|Default|0HLV4CIFRMIJ0:00000001||OrchardCore.DisplayManagement.Descriptors.DefaultShapeTableManager|INFO|Start discovering candidate views filenames 
2020-04-19 21:21:55.1915|Default|0HLV4CIFRMIJ0:00000001||OrchardCore.DisplayManagement.Descriptors.DefaultShapeTableManager|INFO|Done discovering candidate views filenames 
2020-04-19 21:21:55.1915|Default|0HLV4CIFRMIJ0:00000001||OrchardCore.DisplayManagement.Descriptors.DefaultShapeTableManager|INFO|Start discovering candidate views filenames 
2020-04-19 21:21:55.1915|Default|0HLV4CIFRMIJ0:00000001||OrchardCore.DisplayManagement.Descriptors.DefaultShapeTableManager|INFO|Done discovering candidate views filenames 
2020-04-19 21:21:55.1925|Default|0HLV4CIFRMIJ0:00000001||OrchardCore.DisplayManagement.Descriptors.DefaultShapeTableManager|INFO|Start discovering candidate views filenames 
2020-04-19 21:21:55.1925|Default|0HLV4CIFRMIJ0:00000001||OrchardCore.DisplayManagement.Descriptors.DefaultShapeTableManager|INFO|Done discovering candidate views filenames 
2020-04-19 21:21:55.1925|Default|0HLV4CIFRMIJ0:00000001||OrchardCore.DisplayManagement.Descriptors.DefaultShapeTableManager|INFO|Start discovering candidate views filenames 
2020-04-19 21:21:55.1925|Default|0HLV4CIFRMIJ0:00000001||OrchardCore.DisplayManagement.Descriptors.DefaultShapeTableManager|INFO|Done discovering candidate views filenames 
2020-04-19 21:21:55.1925|Default|0HLV4CIFRMIJ0:00000001||OrchardCore.DisplayManagement.Descriptors.DefaultShapeTableManager|INFO|Start discovering candidate views filenames 
2020-04-19 21:21:55.1936|Default|0HLV4CIFRMIJ0:00000001||OrchardCore.DisplayManagement.Descriptors.DefaultShapeTableManager|INFO|Done discovering candidate views filenames 
2020-04-19 21:21:55.1936|Default|0HLV4CIFRMIJ0:00000001||OrchardCore.DisplayManagement.Descriptors.DefaultShapeTableManager|INFO|Start discovering candidate views filenames 
2020-04-19 21:21:55.1936|Default|0HLV4CIFRMIJ0:00000001||OrchardCore.DisplayManagement.Descriptors.DefaultShapeTableManager|INFO|Done discovering candidate views filenames 
2020-04-19 21:21:55.1936|Default|0HLV4CIFRMIJ0:00000001||OrchardCore.DisplayManagement.Descriptors.DefaultShapeTableManager|INFO|Start discovering candidate views filenames 
2020-04-19 21:21:55.1947|Default|0HLV4CIFRMIJ0:00000001||OrchardCore.DisplayManagement.Descriptors.DefaultShapeTableManager|INFO|Done discovering candidate views filenames 
2020-04-19 21:21:55.1947|Default|0HLV4CIFRMIJ0:00000001||OrchardCore.DisplayManagement.Descriptors.DefaultShapeTableManager|INFO|Start discovering candidate views filenames 
2020-04-19 21:21:55.1956|Default|0HLV4CIFRMIJ0:00000001||OrchardCore.DisplayManagement.Descriptors.DefaultShapeTableManager|INFO|Done discovering candidate views filenames 
2020-04-19 21:21:55.1956|Default|0HLV4CIFRMIJ0:00000001||OrchardCore.DisplayManagement.Descriptors.DefaultShapeTableManager|INFO|Start discovering candidate views filenames 
2020-04-19 21:21:55.1956|Default|0HLV4CIFRMIJ0:00000001||OrchardCore.DisplayManagement.Descriptors.DefaultShapeTableManager|INFO|Done discovering candidate views filenames 
2020-04-19 21:21:55.1956|Default|0HLV4CIFRMIJ0:00000001||OrchardCore.DisplayManagement.Descriptors.DefaultShapeTableManager|INFO|Start discovering candidate views filenames 
2020-04-19 21:21:55.1967|Default|0HLV4CIFRMIJ0:00000001||OrchardCore.DisplayManagement.Descriptors.DefaultShapeTableManager|INFO|Done discovering candidate views filenames 
2020-04-19 21:21:55.1967|Default|0HLV4CIFRMIJ0:00000001||OrchardCore.DisplayManagement.Descriptors.DefaultShapeTableManager|INFO|Start discovering candidate views filenames 
2020-04-19 21:21:55.1967|Default|0HLV4CIFRMIJ0:00000001||OrchardCore.DisplayManagement.Descriptors.DefaultShapeTableManager|INFO|Done discovering candidate views filenames 
2020-04-19 21:21:55.1978|Default|0HLV4CIFRMIJ0:00000001||OrchardCore.DisplayManagement.Descriptors.DefaultShapeTableManager|INFO|Start discovering candidate views filenames 
2020-04-19 21:21:55.1978|Default|0HLV4CIFRMIJ0:00000001||OrchardCore.DisplayManagement.Descriptors.DefaultShapeTableManager|INFO|Done discovering candidate views filenames 
2020-04-19 21:21:55.1988|Default|0HLV4CIFRMIJ0:00000001||OrchardCore.DisplayManagement.Descriptors.DefaultShapeTableManager|INFO|Start discovering candidate views filenames 
2020-04-19 21:21:55.1988|Default|0HLV4CIFRMIJ0:00000001||OrchardCore.DisplayManagement.Descriptors.DefaultShapeTableManager|INFO|Done discovering candidate views filenames 
2020-04-19 21:21:55.1997|Default|0HLV4CIFRMIJ0:00000001||OrchardCore.DisplayManagement.Descriptors.DefaultShapeTableManager|INFO|Start discovering candidate views filenames 
2020-04-19 21:21:55.1997|Default|0HLV4CIFRMIJ0:00000001||OrchardCore.DisplayManagement.Descriptors.DefaultShapeTableManager|INFO|Done discovering candidate views filenames 
2020-04-19 21:21:55.2005|Default|0HLV4CIFRMIJ0:00000001||OrchardCore.DisplayManagement.Descriptors.DefaultShapeTableManager|INFO|Start discovering candidate views filenames 
2020-04-19 21:21:55.2005|Default|0HLV4CIFRMIJ0:00000001||OrchardCore.DisplayManagement.Descriptors.DefaultShapeTableManager|INFO|Done discovering candidate views filenames 
2020-04-19 21:21:55.2005|Default|0HLV4CIFRMIJ0:00000001||OrchardCore.DisplayManagement.Descriptors.DefaultShapeTableManager|INFO|Start discovering candidate views filenames 
2020-04-19 21:21:55.2005|Default|0HLV4CIFRMIJ0:00000001||OrchardCore.DisplayManagement.Descriptors.DefaultShapeTableManager|INFO|Done discovering candidate views filenames 
2020-04-19 21:21:55.2016|Default|0HLV4CIFRMIJ0:00000001||OrchardCore.DisplayManagement.Descriptors.DefaultShapeTableManager|INFO|Start discovering candidate views filenames 
2020-04-19 21:21:55.2016|Default|0HLV4CIFRMIJ0:00000001||OrchardCore.DisplayManagement.Descriptors.DefaultShapeTableManager|INFO|Done discovering candidate views filenames 
2020-04-19 21:21:55.2016|Default|0HLV4CIFRMIJ0:00000001||OrchardCore.DisplayManagement.Descriptors.DefaultShapeTableManager|INFO|Start discovering candidate views filenames 
2020-04-19 21:21:55.2016|Default|0HLV4CIFRMIJ0:00000001||OrchardCore.DisplayManagement.Descriptors.DefaultShapeTableManager|INFO|Done discovering candidate views filenames 
2020-04-19 21:21:55.2030|Default|0HLV4CIFRMIJ0:00000001||OrchardCore.DisplayManagement.Descriptors.DefaultShapeTableManager|INFO|Start discovering candidate views filenames 
2020-04-19 21:21:55.2030|Default|0HLV4CIFRMIJ0:00000001||OrchardCore.DisplayManagement.Descriptors.DefaultShapeTableManager|INFO|Done discovering candidate views filenames 
2020-04-19 21:21:55.2049|Default|0HLV4CIFRMIJ0:00000001||OrchardCore.DisplayManagement.Descriptors.DefaultShapeTableManager|INFO|Start discovering candidate views filenames 
2020-04-19 21:21:55.2049|Default|0HLV4CIFRMIJ0:00000001||OrchardCore.DisplayManagement.Descriptors.DefaultShapeTableManager|INFO|Done discovering candidate views filenames 
2020-04-19 21:21:55.2055|Default|0HLV4CIFRMIJ0:00000001||OrchardCore.DisplayManagement.Descriptors.DefaultShapeTableManager|INFO|Start discovering candidate views filenames 
2020-04-19 21:21:55.2055|Default|0HLV4CIFRMIJ0:00000001||OrchardCore.DisplayManagement.Descriptors.DefaultShapeTableManager|INFO|Done discovering candidate views filenames 
2020-04-19 21:21:55.2055|Default|0HLV4CIFRMIJ0:00000001||OrchardCore.DisplayManagement.Descriptors.DefaultShapeTableManager|INFO|Start discovering candidate views filenames 
2020-04-19 21:21:55.2066|Default|0HLV4CIFRMIJ0:00000001||OrchardCore.DisplayManagement.Descriptors.DefaultShapeTableManager|INFO|Done discovering candidate views filenames 
2020-04-19 21:21:55.2066|Default|0HLV4CIFRMIJ0:00000001||OrchardCore.DisplayManagement.Descriptors.DefaultShapeTableManager|INFO|Start discovering candidate views filenames 
2020-04-19 21:21:55.2066|Default|0HLV4CIFRMIJ0:00000001||OrchardCore.DisplayManagement.Descriptors.DefaultShapeTableManager|INFO|Done discovering candidate views filenames 
2020-04-19 21:21:55.2075|Default|0HLV4CIFRMIJ0:00000001||OrchardCore.DisplayManagement.Descriptors.DefaultShapeTableManager|INFO|Start discovering candidate views filenames 
2020-04-19 21:21:55.2075|Default|0HLV4CIFRMIJ0:00000001||OrchardCore.DisplayManagement.Descriptors.DefaultShapeTableManager|INFO|Done discovering candidate views filenames 
2020-04-19 21:21:55.2075|Default|0HLV4CIFRMIJ0:00000001||OrchardCore.DisplayManagement.Descriptors.DefaultShapeTableManager|INFO|Done discovering shapes 
2020-04-19 21:21:55.2323|Default|0HLV4CIFRMIJ0:00000001||OrchardCore.DisplayManagement.Descriptors.DefaultShapeTableManager|INFO|Done building shape table 
2020-04-19 21:21:58.7014|Default|0HLV4CIFRMIJ0:00000001||Microsoft.AspNetCore.Mvc.ViewFeatures.ViewResultExecutor|INFO|Executing ViewResult, running view NotFound. 
2020-04-19 21:21:59.1928|Default|0HLV4CIFRMIJ0:00000001||Microsoft.AspNetCore.Mvc.ViewFeatures.ViewResultExecutor|INFO|Executed ViewResult - view NotFound executed in 3844.2177ms. 
2020-04-19 21:21:59.1984|Default|0HLV4CIFRMIJ0:00000001||Microsoft.AspNetCore.Mvc.Infrastructure.ControllerActionInvoker|INFO|Executed action OrchardCore.Diagnostics.Controllers.DiagnosticsController.Error (OrchardCore.Diagnostics) in 4104.8899ms 
2020-04-19 21:21:59.1990|Default|0HLV4CIFRMIJ0:00000001||Microsoft.AspNetCore.Routing.EndpointMiddleware|INFO|Executed endpoint 'OrchardCore.Diagnostics.Controllers.DiagnosticsController.Error (OrchardCore.Diagnostics)' 
2020-04-19 21:21:59.2037|Default|0HLV4CIFRMIJ0:00000001||Microsoft.AspNetCore.Hosting.Diagnostics|INFO|Request finished in 6771.2308ms 404 text/html; charset=utf-8 
2020-04-19 21:22:26.1295|None|0HLV4CIFRMIJ0:00000002||Microsoft.AspNetCore.Hosting.Diagnostics|INFO|Request starting HTTP/1.1 GET http://localhost:4000/articleModule/article/article   
2020-04-19 21:22:26.1305|Default|0HLV4CIFRMIJ0:00000002||OrchardCore.Modules.ModularTenantRouterMiddleware|INFO|Begin Routing Request 
2020-04-19 21:22:26.1345|Default|0HLV4CIFRMIJ0:00000002||Microsoft.AspNetCore.Routing.EndpointMiddleware|INFO|Executing endpoint 'articleModule.Controllers.ArticleController.Article (articleModule)' 
2020-04-19 21:22:26.1701|Default|0HLV4CIFRMIJ0:00000002||Microsoft.AspNetCore.Mvc.Infrastructure.ControllerActionInvoker|INFO|Route matched with {area = "articleModule", action = "Article", controller = "Article"}. Executing controller action with signature System.Threading.Tasks.Task`1[Microsoft.AspNetCore.Mvc.JsonResult] Article(Int32) on controller articleModule.Controllers.ArticleController (articleModule). 
2020-04-19 21:22:26.1712|Default|0HLV4CIFRMIJ0:00000002||articleModule.DbDapper|INFO|mysql ----> server=localhost;userid=root;pwd=!@#lk$%^;port=3306;database=mycms;SslMode=none 
2020-04-19 21:22:26.1746|Default|0HLV4CIFRMIJ0:00000002||articleModule.Controllers.ArticleController|INFO|============> start query 
2020-04-19 21:22:26.2229|Default|0HLV4CIFRMIJ0:00000002||Microsoft.AspNetCore.Mvc.NewtonsoftJson.NewtonsoftJsonResultExecutor|INFO|Executing JsonResult, writing value of type 'System.Collections.Generic.List`1[[articleModule.Controllers.demoDocument, articleModule, Version=1.0.0.0, Culture=neutral, PublicKeyToken=null]]'. 
2020-04-19 21:22:26.2358|Default|0HLV4CIFRMIJ0:00000002||Microsoft.AspNetCore.Mvc.Infrastructure.ControllerActionInvoker|INFO|Executed action articleModule.Controllers.ArticleController.Article (articleModule) in 65.30420000000001ms 
2020-04-19 21:22:26.2358|Default|0HLV4CIFRMIJ0:00000002||Microsoft.AspNetCore.Routing.EndpointMiddleware|INFO|Executed endpoint 'articleModule.Controllers.ArticleController.Article (articleModule)' 
2020-04-19 21:22:26.2368|Default|0HLV4CIFRMIJ0:00000002||Microsoft.AspNetCore.Hosting.Diagnostics|INFO|Request finished in 107.33170000000001ms 200 application/json; charset=utf-8 
2020-04-19 21:22:58.2007||||Microsoft.Hosting.Lifetime|INFO|Application is shutting down... 
2020-04-19 21:22:58.2155||||OrchardCore.Modules.ModularBackgroundService|ERROR|'ModularBackgroundService' is stopping. 
2020-04-19 21:23:10.1489||||Microsoft.AspNetCore.DataProtection.KeyManagement.XmlKeyManager|INFO|User profile is available. Using '/Users/liangke/.aspnet/DataProtection-Keys' as key repository; keys will not be encrypted at rest. 
2020-04-19 21:23:10.2413||||Microsoft.Hosting.Lifetime|INFO|Now listening on: http://localhost:4000 
2020-04-19 21:23:10.2424||||Microsoft.Hosting.Lifetime|INFO|Application started. Press Ctrl+C to shut down. 
2020-04-19 21:23:10.2424||||Microsoft.Hosting.Lifetime|INFO|Hosting environment: Development 
2020-04-19 21:23:10.2424||||Microsoft.Hosting.Lifetime|INFO|Content root path: /Users/liangke/netCoreProject/orchard/develop/myCms 
2020-04-19 21:23:17.8779|None|0HLV4CJ9AAQC8:00000001||Microsoft.AspNetCore.Hosting.Diagnostics|INFO|Request starting HTTP/1.1 GET http://localhost:4000/articleModule/article/article?   
2020-04-19 21:23:17.8901|None|0HLV4CJ9AAQC8:00000001||OrchardCore.Environment.Shell.ShellHost|INFO|Start creation of shells 
2020-04-19 21:23:18.0051|None|0HLV4CJ9AAQC8:00000001||OrchardCore.Environment.Shell.Builders.ShellContextFactory|INFO|Creating shell context for tenant 'Default' 
2020-04-19 21:23:18.9449|None|0HLV4CJ9AAQC8:00000001||OrchardCore.Environment.Shell.ShellHost|INFO|Done pre-creating and registering shells 
2020-04-19 21:23:19.0021|Default|0HLV4CJ9AAQC8:00000001||OrchardCore.Data.Migration.DataMigrationManager|INFO|Updating feature 'OrchardCore.Alias' 
2020-04-19 21:23:19.0044|Default|0HLV4CJ9AAQC8:00000001||OrchardCore.Data.Migration.DataMigrationManager|INFO|Updating feature 'OrchardCore.Settings' 
2020-04-19 21:23:19.0053|Default|0HLV4CJ9AAQC8:00000001||OrchardCore.Data.Migration.DataMigrationManager|INFO|Updating feature 'OrchardCore.Liquid' 
2020-04-19 21:23:19.0053|Default|0HLV4CJ9AAQC8:00000001||OrchardCore.Data.Migration.DataMigrationManager|INFO|Updating feature 'OrchardCore.Contents' 
2020-04-19 21:23:19.0073|Default|0HLV4CJ9AAQC8:00000001||OrchardCore.Data.Migration.DataMigrationManager|INFO|Updating feature 'OrchardCore.ContentTypes' 
2020-04-19 21:23:19.0073|Default|0HLV4CJ9AAQC8:00000001||OrchardCore.Data.Migration.DataMigrationManager|ERROR|Could not run migrations automatically on 'OrchardCore.Alias' System.InvalidOperationException: Nullable object must have a value.
   at OrchardCore.Data.Migration.DataMigrationManager.UpdateAsync(String featureId)
   at OrchardCore.Data.Migration.DataMigrationManager.UpdateAllFeaturesAsync() in C:\projects\orchardcore\src\OrchardCore\OrchardCore.Data\Migration\DataMigrationManager.cs:line 364    at OrchardCore.Data.Migration.DataMigrationManager.UpdateAsync(String featureId)
   at OrchardCore.Data.Migration.DataMigrationManager.UpdateAllFeaturesAsync() in C:\projects\orchardcore\src\OrchardCore\OrchardCore.Data\Migration\DataMigrationManager.cs:line 364
2020-04-19 21:23:19.1038|Default|0HLV4CJ9AAQC8:00000001||OrchardCore.Modules.ModularTenantRouterMiddleware|INFO|Begin Routing Request 
2020-04-19 21:23:20.0848|Default|0HLV4CJ9AAQC8:00000001||Microsoft.AspNetCore.Routing.EndpointMiddleware|INFO|Executing endpoint 'articleModule.Controllers.ArticleController.Article (articleModule)' 
2020-04-19 21:23:20.1675|Default|0HLV4CJ9AAQC8:00000001||Microsoft.AspNetCore.Mvc.Infrastructure.ControllerActionInvoker|INFO|Route matched with {area = "articleModule", action = "Article", controller = "Article"}. Executing controller action with signature System.Threading.Tasks.Task`1[Microsoft.AspNetCore.Mvc.JsonResult] Article(Int32) on controller articleModule.Controllers.ArticleController (articleModule). 
2020-04-19 21:23:20.1711|Default|0HLV4CJ9AAQC8:00000001||articleModule.DbDapper|INFO|mysql ----> server=localhost;userid=root;pwd=!@#lk$%^;port=3306;database=mycms;SslMode=none 
2020-04-19 21:23:20.1800|Default|0HLV4CJ9AAQC8:00000001||articleModule.Controllers.ArticleController|INFO|============> start query pageindex 
2020-04-19 21:23:20.2479|Default|0HLV4CJ9AAQC8:00000001||OrchardCore.DisplayManagement.Descriptors.DefaultShapeTableManager|INFO|Start building shape table 
2020-04-19 21:23:20.2719|Default|0HLV4CJ9AAQC8:00000001||OrchardCore.DisplayManagement.Descriptors.DefaultShapeTableManager|INFO|Start discovering shapes 
2020-04-19 21:23:20.2743|Default|0HLV4CJ9AAQC8:00000001||OrchardCore.DisplayManagement.Descriptors.DefaultShapeTableManager|INFO|Start discovering candidate views filenames 
2020-04-19 21:23:20.2755|Default|0HLV4CJ9AAQC8:00000001||OrchardCore.DisplayManagement.Descriptors.DefaultShapeTableManager|INFO|Done discovering candidate views filenames 
2020-04-19 21:23:20.2765|Default|0HLV4CJ9AAQC8:00000001||OrchardCore.DisplayManagement.Descriptors.DefaultShapeTableManager|INFO|Start discovering candidate views filenames 
2020-04-19 21:23:20.2765|Default|0HLV4CJ9AAQC8:00000001||OrchardCore.DisplayManagement.Descriptors.DefaultShapeTableManager|INFO|Done discovering candidate views filenames 
2020-04-19 21:23:20.2788|Default|0HLV4CJ9AAQC8:00000001||OrchardCore.DisplayManagement.Descriptors.DefaultShapeTableManager|INFO|Start discovering candidate views filenames 
2020-04-19 21:23:20.2788|Default|0HLV4CJ9AAQC8:00000001||OrchardCore.DisplayManagement.Descriptors.DefaultShapeTableManager|INFO|Done discovering candidate views filenames 
2020-04-19 21:23:20.2788|Default|0HLV4CJ9AAQC8:00000001||OrchardCore.DisplayManagement.Descriptors.DefaultShapeTableManager|INFO|Start discovering candidate views filenames 
2020-04-19 21:23:20.2795|Default|0HLV4CJ9AAQC8:00000001||OrchardCore.DisplayManagement.Descriptors.DefaultShapeTableManager|INFO|Done discovering candidate views filenames 
2020-04-19 21:23:20.2795|Default|0HLV4CJ9AAQC8:00000001||OrchardCore.DisplayManagement.Descriptors.DefaultShapeTableManager|INFO|Start discovering candidate views filenames 
2020-04-19 21:23:20.2795|Default|0HLV4CJ9AAQC8:00000001||OrchardCore.DisplayManagement.Descriptors.DefaultShapeTableManager|INFO|Done discovering candidate views filenames 
2020-04-19 21:23:20.2795|Default|0HLV4CJ9AAQC8:00000001||OrchardCore.DisplayManagement.Descriptors.DefaultShapeTableManager|INFO|Start discovering candidate views filenames 
2020-04-19 21:23:20.2805|Default|0HLV4CJ9AAQC8:00000001||OrchardCore.DisplayManagement.Descriptors.DefaultShapeTableManager|INFO|Done discovering candidate views filenames 
2020-04-19 21:23:20.2805|Default|0HLV4CJ9AAQC8:00000001||OrchardCore.DisplayManagement.Descriptors.DefaultShapeTableManager|INFO|Start discovering candidate views filenames 
2020-04-19 21:23:20.2813|Default|0HLV4CJ9AAQC8:00000001||OrchardCore.DisplayManagement.Descriptors.DefaultShapeTableManager|INFO|Done discovering candidate views filenames 
2020-04-19 21:23:20.2843|Default|0HLV4CJ9AAQC8:00000001||OrchardCore.DisplayManagement.Descriptors.DefaultShapeTableManager|INFO|Start discovering candidate views filenames 
2020-04-19 21:23:20.2848|Default|0HLV4CJ9AAQC8:00000001||OrchardCore.DisplayManagement.Descriptors.DefaultShapeTableManager|INFO|Done discovering candidate views filenames 
2020-04-19 21:23:20.2857|Default|0HLV4CJ9AAQC8:00000001||OrchardCore.DisplayManagement.Descriptors.DefaultShapeTableManager|INFO|Start discovering candidate views filenames 
2020-04-19 21:23:20.2857|Default|0HLV4CJ9AAQC8:00000001||OrchardCore.DisplayManagement.Descriptors.DefaultShapeTableManager|INFO|Done discovering candidate views filenames 
2020-04-19 21:23:20.2866|Default|0HLV4CJ9AAQC8:00000001||OrchardCore.DisplayManagement.Descriptors.DefaultShapeTableManager|INFO|Start discovering candidate views filenames 
2020-04-19 21:23:20.2866|Default|0HLV4CJ9AAQC8:00000001||OrchardCore.DisplayManagement.Descriptors.DefaultShapeTableManager|INFO|Done discovering candidate views filenames 
2020-04-19 21:23:20.2866|Default|0HLV4CJ9AAQC8:00000001||OrchardCore.DisplayManagement.Descriptors.DefaultShapeTableManager|INFO|Start discovering candidate views filenames 
2020-04-19 21:23:20.2877|Default|0HLV4CJ9AAQC8:00000001||OrchardCore.DisplayManagement.Descriptors.DefaultShapeTableManager|INFO|Done discovering candidate views filenames 
2020-04-19 21:23:20.2911|Default|0HLV4CJ9AAQC8:00000001||OrchardCore.DisplayManagement.Descriptors.DefaultShapeTableManager|INFO|Start discovering candidate views filenames 
2020-04-19 21:23:20.2915|Default|0HLV4CJ9AAQC8:00000001||OrchardCore.DisplayManagement.Descriptors.DefaultShapeTableManager|INFO|Done discovering candidate views filenames 
2020-04-19 21:23:20.2915|Default|0HLV4CJ9AAQC8:00000001||OrchardCore.DisplayManagement.Descriptors.DefaultShapeTableManager|INFO|Start discovering candidate views filenames 
2020-04-19 21:23:20.2915|Default|0HLV4CJ9AAQC8:00000001||OrchardCore.DisplayManagement.Descriptors.DefaultShapeTableManager|INFO|Done discovering candidate views filenames 
2020-04-19 21:23:20.2915|Default|0HLV4CJ9AAQC8:00000001||OrchardCore.DisplayManagement.Descriptors.DefaultShapeTableManager|INFO|Start discovering candidate views filenames 
2020-04-19 21:23:20.2925|Default|0HLV4CJ9AAQC8:00000001||OrchardCore.DisplayManagement.Descriptors.DefaultShapeTableManager|INFO|Done discovering candidate views filenames 
2020-04-19 21:23:20.2925|Default|0HLV4CJ9AAQC8:00000001||OrchardCore.DisplayManagement.Descriptors.DefaultShapeTableManager|INFO|Start discovering candidate views filenames 
2020-04-19 21:23:20.2934|Default|0HLV4CJ9AAQC8:00000001||OrchardCore.DisplayManagement.Descriptors.DefaultShapeTableManager|INFO|Done discovering candidate views filenames 
2020-04-19 21:23:20.2934|Default|0HLV4CJ9AAQC8:00000001||OrchardCore.DisplayManagement.Descriptors.DefaultShapeTableManager|INFO|Start discovering candidate views filenames 
2020-04-19 21:23:20.2934|Default|0HLV4CJ9AAQC8:00000001||OrchardCore.DisplayManagement.Descriptors.DefaultShapeTableManager|INFO|Done discovering candidate views filenames 
2020-04-19 21:23:20.2934|Default|0HLV4CJ9AAQC8:00000001||OrchardCore.DisplayManagement.Descriptors.DefaultShapeTableManager|INFO|Start discovering candidate views filenames 
2020-04-19 21:23:20.2945|Default|0HLV4CJ9AAQC8:00000001||OrchardCore.DisplayManagement.Descriptors.DefaultShapeTableManager|INFO|Done discovering candidate views filenames 
2020-04-19 21:23:20.2945|Default|0HLV4CJ9AAQC8:00000001||OrchardCore.DisplayManagement.Descriptors.DefaultShapeTableManager|INFO|Start discovering candidate views filenames 
2020-04-19 21:23:20.2945|Default|0HLV4CJ9AAQC8:00000001||OrchardCore.DisplayManagement.Descriptors.DefaultShapeTableManager|INFO|Done discovering candidate views filenames 
2020-04-19 21:23:20.2945|Default|0HLV4CJ9AAQC8:00000001||OrchardCore.DisplayManagement.Descriptors.DefaultShapeTableManager|INFO|Start discovering candidate views filenames 
2020-04-19 21:23:20.2954|Default|0HLV4CJ9AAQC8:00000001||OrchardCore.DisplayManagement.Descriptors.DefaultShapeTableManager|INFO|Done discovering candidate views filenames 
2020-04-19 21:23:20.2954|Default|0HLV4CJ9AAQC8:00000001||OrchardCore.DisplayManagement.Descriptors.DefaultShapeTableManager|INFO|Start discovering candidate views filenames 
2020-04-19 21:23:20.2954|Default|0HLV4CJ9AAQC8:00000001||OrchardCore.DisplayManagement.Descriptors.DefaultShapeTableManager|INFO|Done discovering candidate views filenames 
2020-04-19 21:23:20.2954|Default|0HLV4CJ9AAQC8:00000001||OrchardCore.DisplayManagement.Descriptors.DefaultShapeTableManager|INFO|Start discovering candidate views filenames 
2020-04-19 21:23:20.2964|Default|0HLV4CJ9AAQC8:00000001||OrchardCore.DisplayManagement.Descriptors.DefaultShapeTableManager|INFO|Done discovering candidate views filenames 
2020-04-19 21:23:20.2964|Default|0HLV4CJ9AAQC8:00000001||OrchardCore.DisplayManagement.Descriptors.DefaultShapeTableManager|INFO|Start discovering candidate views filenames 
2020-04-19 21:23:20.2964|Default|0HLV4CJ9AAQC8:00000001||OrchardCore.DisplayManagement.Descriptors.DefaultShapeTableManager|INFO|Done discovering candidate views filenames 
2020-04-19 21:23:20.2964|Default|0HLV4CJ9AAQC8:00000001||OrchardCore.DisplayManagement.Descriptors.DefaultShapeTableManager|INFO|Start discovering candidate views filenames 
2020-04-19 21:23:20.2964|Default|0HLV4CJ9AAQC8:00000001||OrchardCore.DisplayManagement.Descriptors.DefaultShapeTableManager|INFO|Done discovering candidate views filenames 
2020-04-19 21:23:20.2976|Default|0HLV4CJ9AAQC8:00000001||OrchardCore.DisplayManagement.Descriptors.DefaultShapeTableManager|INFO|Start discovering candidate views filenames 
2020-04-19 21:23:20.2976|Default|0HLV4CJ9AAQC8:00000001||OrchardCore.DisplayManagement.Descriptors.DefaultShapeTableManager|INFO|Done discovering candidate views filenames 
2020-04-19 21:23:20.2976|Default|0HLV4CJ9AAQC8:00000001||OrchardCore.DisplayManagement.Descriptors.DefaultShapeTableManager|INFO|Start discovering candidate views filenames 
2020-04-19 21:23:20.2976|Default|0HLV4CJ9AAQC8:00000001||OrchardCore.DisplayManagement.Descriptors.DefaultShapeTableManager|INFO|Done discovering candidate views filenames 
2020-04-19 21:23:20.2986|Default|0HLV4CJ9AAQC8:00000001||OrchardCore.DisplayManagement.Descriptors.DefaultShapeTableManager|INFO|Start discovering candidate views filenames 
2020-04-19 21:23:20.2986|Default|0HLV4CJ9AAQC8:00000001||OrchardCore.DisplayManagement.Descriptors.DefaultShapeTableManager|INFO|Done discovering candidate views filenames 
2020-04-19 21:23:20.2986|Default|0HLV4CJ9AAQC8:00000001||OrchardCore.DisplayManagement.Descriptors.DefaultShapeTableManager|INFO|Start discovering candidate views filenames 
2020-04-19 21:23:20.2986|Default|0HLV4CJ9AAQC8:00000001||OrchardCore.DisplayManagement.Descriptors.DefaultShapeTableManager|INFO|Done discovering candidate views filenames 
2020-04-19 21:23:20.2986|Default|0HLV4CJ9AAQC8:00000001||OrchardCore.DisplayManagement.Descriptors.DefaultShapeTableManager|INFO|Start discovering candidate views filenames 
2020-04-19 21:23:20.2995|Default|0HLV4CJ9AAQC8:00000001||OrchardCore.DisplayManagement.Descriptors.DefaultShapeTableManager|INFO|Done discovering candidate views filenames 
2020-04-19 21:23:20.2995|Default|0HLV4CJ9AAQC8:00000001||OrchardCore.DisplayManagement.Descriptors.DefaultShapeTableManager|INFO|Start discovering candidate views filenames 
2020-04-19 21:23:20.3003|Default|0HLV4CJ9AAQC8:00000001||OrchardCore.DisplayManagement.Descriptors.DefaultShapeTableManager|INFO|Done discovering candidate views filenames 
2020-04-19 21:23:20.3003|Default|0HLV4CJ9AAQC8:00000001||OrchardCore.DisplayManagement.Descriptors.DefaultShapeTableManager|INFO|Start discovering candidate views filenames 
2020-04-19 21:23:20.3003|Default|0HLV4CJ9AAQC8:00000001||OrchardCore.DisplayManagement.Descriptors.DefaultShapeTableManager|INFO|Done discovering candidate views filenames 
2020-04-19 21:23:20.3023|Default|0HLV4CJ9AAQC8:00000001||OrchardCore.DisplayManagement.Descriptors.DefaultShapeTableManager|INFO|Start discovering candidate views filenames 
2020-04-19 21:23:20.3023|Default|0HLV4CJ9AAQC8:00000001||OrchardCore.DisplayManagement.Descriptors.DefaultShapeTableManager|INFO|Done discovering candidate views filenames 
2020-04-19 21:23:20.3039|Default|0HLV4CJ9AAQC8:00000001||OrchardCore.DisplayManagement.Descriptors.DefaultShapeTableManager|INFO|Start discovering candidate views filenames 
2020-04-19 21:23:20.3043|Default|0HLV4CJ9AAQC8:00000001||OrchardCore.DisplayManagement.Descriptors.DefaultShapeTableManager|INFO|Done discovering candidate views filenames 
2020-04-19 21:23:20.3043|Default|0HLV4CJ9AAQC8:00000001||OrchardCore.DisplayManagement.Descriptors.DefaultShapeTableManager|INFO|Start discovering candidate views filenames 
2020-04-19 21:23:20.3043|Default|0HLV4CJ9AAQC8:00000001||OrchardCore.DisplayManagement.Descriptors.DefaultShapeTableManager|INFO|Done discovering candidate views filenames 
2020-04-19 21:23:20.3054|Default|0HLV4CJ9AAQC8:00000001||OrchardCore.DisplayManagement.Descriptors.DefaultShapeTableManager|INFO|Start discovering candidate views filenames 
2020-04-19 21:23:20.3054|Default|0HLV4CJ9AAQC8:00000001||OrchardCore.DisplayManagement.Descriptors.DefaultShapeTableManager|INFO|Done discovering candidate views filenames 
2020-04-19 21:23:20.3054|Default|0HLV4CJ9AAQC8:00000001||OrchardCore.DisplayManagement.Descriptors.DefaultShapeTableManager|INFO|Start discovering candidate views filenames 
2020-04-19 21:23:20.3064|Default|0HLV4CJ9AAQC8:00000001||OrchardCore.DisplayManagement.Descriptors.DefaultShapeTableManager|INFO|Done discovering candidate views filenames 
2020-04-19 21:23:20.3064|Default|0HLV4CJ9AAQC8:00000001||OrchardCore.DisplayManagement.Descriptors.DefaultShapeTableManager|INFO|Start discovering candidate views filenames 
2020-04-19 21:23:20.3064|Default|0HLV4CJ9AAQC8:00000001||OrchardCore.DisplayManagement.Descriptors.DefaultShapeTableManager|INFO|Done discovering candidate views filenames 
2020-04-19 21:23:20.3075|Default|0HLV4CJ9AAQC8:00000001||OrchardCore.DisplayManagement.Descriptors.DefaultShapeTableManager|INFO|Start discovering candidate views filenames 
2020-04-19 21:23:20.3075|Default|0HLV4CJ9AAQC8:00000001||OrchardCore.DisplayManagement.Descriptors.DefaultShapeTableManager|INFO|Done discovering candidate views filenames 
2020-04-19 21:23:20.3092|Default|0HLV4CJ9AAQC8:00000001||OrchardCore.DisplayManagement.Descriptors.DefaultShapeTableManager|INFO|Start discovering candidate views filenames 
2020-04-19 21:23:20.3094|Default|0HLV4CJ9AAQC8:00000001||OrchardCore.DisplayManagement.Descriptors.DefaultShapeTableManager|INFO|Done discovering candidate views filenames 
2020-04-19 21:23:20.3094|Default|0HLV4CJ9AAQC8:00000001||OrchardCore.DisplayManagement.Descriptors.DefaultShapeTableManager|INFO|Start discovering candidate views filenames 
2020-04-19 21:23:20.3094|Default|0HLV4CJ9AAQC8:00000001||OrchardCore.DisplayManagement.Descriptors.DefaultShapeTableManager|INFO|Done discovering candidate views filenames 
2020-04-19 21:23:20.3094|Default|0HLV4CJ9AAQC8:00000001||OrchardCore.DisplayManagement.Descriptors.DefaultShapeTableManager|INFO|Start discovering candidate views filenames 
2020-04-19 21:23:20.3106|Default|0HLV4CJ9AAQC8:00000001||OrchardCore.DisplayManagement.Descriptors.DefaultShapeTableManager|INFO|Done discovering candidate views filenames 
2020-04-19 21:23:20.3106|Default|0HLV4CJ9AAQC8:00000001||OrchardCore.DisplayManagement.Descriptors.DefaultShapeTableManager|INFO|Start discovering candidate views filenames 
2020-04-19 21:23:20.3106|Default|0HLV4CJ9AAQC8:00000001||OrchardCore.DisplayManagement.Descriptors.DefaultShapeTableManager|INFO|Done discovering candidate views filenames 
2020-04-19 21:23:20.3116|Default|0HLV4CJ9AAQC8:00000001||OrchardCore.DisplayManagement.Descriptors.DefaultShapeTableManager|INFO|Start discovering candidate views filenames 
2020-04-19 21:23:20.3116|Default|0HLV4CJ9AAQC8:00000001||OrchardCore.DisplayManagement.Descriptors.DefaultShapeTableManager|INFO|Done discovering candidate views filenames 
2020-04-19 21:23:20.3116|Default|0HLV4CJ9AAQC8:00000001||OrchardCore.DisplayManagement.Descriptors.DefaultShapeTableManager|INFO|Done discovering shapes 
2020-04-19 21:23:20.3354|Default|0HLV4CJ9AAQC8:00000001||OrchardCore.DisplayManagement.Descriptors.DefaultShapeTableManager|INFO|Done building shape table 
2020-04-19 21:23:20.3916|Default|0HLV4CJ9AAQC8:00000001||Microsoft.AspNetCore.Mvc.NewtonsoftJson.NewtonsoftJsonResultExecutor|INFO|Executing JsonResult, writing value of type 'System.Collections.Generic.List`1[[articleModule.Controllers.demoDocument, articleModule, Version=1.0.0.0, Culture=neutral, PublicKeyToken=null]]'. 
2020-04-19 21:23:20.4093|Default|0HLV4CJ9AAQC8:00000001||Microsoft.AspNetCore.Mvc.Infrastructure.ControllerActionInvoker|INFO|Executed action articleModule.Controllers.ArticleController.Article (articleModule) in 238.3232ms 
2020-04-19 21:23:20.4093|Default|0HLV4CJ9AAQC8:00000001||Microsoft.AspNetCore.Routing.EndpointMiddleware|INFO|Executed endpoint 'articleModule.Controllers.ArticleController.Article (articleModule)' 
2020-04-19 21:23:20.4135|Default|0HLV4CJ9AAQC8:00000001||Microsoft.AspNetCore.Hosting.Diagnostics|INFO|Request finished in 2536.8441000000003ms 200 application/json; charset=utf-8 
2020-04-19 21:23:46.7295|None|0HLV4CJ9AAQC8:00000002||Microsoft.AspNetCore.Hosting.Diagnostics|INFO|Request starting HTTP/1.1 GET http://localhost:4000/articleModule/article/article?pageIndex=1   
2020-04-19 21:23:46.7307|Default|0HLV4CJ9AAQC8:00000002||OrchardCore.Modules.ModularTenantRouterMiddleware|INFO|Begin Routing Request 
2020-04-19 21:23:46.7412|Default|0HLV4CJ9AAQC8:00000002||Microsoft.AspNetCore.Routing.EndpointMiddleware|INFO|Executing endpoint 'articleModule.Controllers.ArticleController.Article (articleModule)' 
2020-04-19 21:23:46.7661|Default|0HLV4CJ9AAQC8:00000002||Microsoft.AspNetCore.Mvc.Infrastructure.ControllerActionInvoker|INFO|Route matched with {area = "articleModule", action = "Article", controller = "Article"}. Executing controller action with signature System.Threading.Tasks.Task`1[Microsoft.AspNetCore.Mvc.JsonResult] Article(Int32) on controller articleModule.Controllers.ArticleController (articleModule). 
2020-04-19 21:23:46.7686|Default|0HLV4CJ9AAQC8:00000002||articleModule.Controllers.ArticleController|INFO|============> start query pageindex 
2020-04-19 21:23:46.7765|Default|0HLV4CJ9AAQC8:00000002||Microsoft.AspNetCore.Mvc.NewtonsoftJson.NewtonsoftJsonResultExecutor|INFO|Executing JsonResult, writing value of type 'System.Collections.Generic.List`1[[articleModule.Controllers.demoDocument, articleModule, Version=1.0.0.0, Culture=neutral, PublicKeyToken=null]]'. 
2020-04-19 21:23:46.7777|Default|0HLV4CJ9AAQC8:00000002||Microsoft.AspNetCore.Mvc.Infrastructure.ControllerActionInvoker|INFO|Executed action articleModule.Controllers.ArticleController.Article (articleModule) in 11.162500000000001ms 
2020-04-19 21:23:46.7777|Default|0HLV4CJ9AAQC8:00000002||Microsoft.AspNetCore.Routing.EndpointMiddleware|INFO|Executed endpoint 'articleModule.Controllers.ArticleController.Article (articleModule)' 
2020-04-19 21:23:46.7784|Default|0HLV4CJ9AAQC8:00000002||Microsoft.AspNetCore.Hosting.Diagnostics|INFO|Request finished in 48.979600000000005ms 200 application/json; charset=utf-8 
2020-04-19 21:23:58.7412|None|0HLV4CJ9AAQC8:00000003||Microsoft.AspNetCore.Hosting.Diagnostics|INFO|Request starting HTTP/1.1 GET http://localhost:4000/articleModule/article/article?pageIndex=0   
2020-04-19 21:23:58.7432|Default|0HLV4CJ9AAQC8:00000003||OrchardCore.Modules.ModularTenantRouterMiddleware|INFO|Begin Routing Request 
2020-04-19 21:23:58.7470|Default|0HLV4CJ9AAQC8:00000003||Microsoft.AspNetCore.Routing.EndpointMiddleware|INFO|Executing endpoint 'articleModule.Controllers.ArticleController.Article (articleModule)' 
2020-04-19 21:23:58.8625|Default|0HLV4CJ9AAQC8:00000003||Microsoft.AspNetCore.Mvc.Infrastructure.ControllerActionInvoker|INFO|Route matched with {area = "articleModule", action = "Article", controller = "Article"}. Executing controller action with signature System.Threading.Tasks.Task`1[Microsoft.AspNetCore.Mvc.JsonResult] Article(Int32) on controller articleModule.Controllers.ArticleController (articleModule). 
2020-04-19 21:23:58.8640|Default|0HLV4CJ9AAQC8:00000003||articleModule.Controllers.ArticleController|INFO|============> start query pageindex 
2020-04-19 21:23:58.8768|Default|0HLV4CJ9AAQC8:00000003||Microsoft.AspNetCore.Mvc.NewtonsoftJson.NewtonsoftJsonResultExecutor|INFO|Executing JsonResult, writing value of type 'System.Collections.Generic.List`1[[articleModule.Controllers.demoDocument, articleModule, Version=1.0.0.0, Culture=neutral, PublicKeyToken=null]]'. 
2020-04-19 21:23:58.8784|Default|0HLV4CJ9AAQC8:00000003||Microsoft.AspNetCore.Mvc.Infrastructure.ControllerActionInvoker|INFO|Executed action articleModule.Controllers.ArticleController.Article (articleModule) in 15.09ms 
2020-04-19 21:23:58.8784|Default|0HLV4CJ9AAQC8:00000003||Microsoft.AspNetCore.Routing.EndpointMiddleware|INFO|Executed endpoint 'articleModule.Controllers.ArticleController.Article (articleModule)' 
2020-04-19 21:23:58.8800|Default|0HLV4CJ9AAQC8:00000003||Microsoft.AspNetCore.Hosting.Diagnostics|INFO|Request finished in 138.5581ms 200 application/json; charset=utf-8 
2020-04-19 21:24:01.7567|None|0HLV4CJ9AAQC8:00000004||Microsoft.AspNetCore.Hosting.Diagnostics|INFO|Request starting HTTP/1.1 GET http://localhost:4000/articleModule/article/article?pageIndex=2   
2020-04-19 21:24:01.7580|Default|0HLV4CJ9AAQC8:00000004||OrchardCore.Modules.ModularTenantRouterMiddleware|INFO|Begin Routing Request 
2020-04-19 21:24:01.7595|Default|0HLV4CJ9AAQC8:00000004||Microsoft.AspNetCore.Routing.EndpointMiddleware|INFO|Executing endpoint 'articleModule.Controllers.ArticleController.Article (articleModule)' 
2020-04-19 21:24:01.7620|Default|0HLV4CJ9AAQC8:00000004||Microsoft.AspNetCore.Mvc.Infrastructure.ControllerActionInvoker|INFO|Route matched with {area = "articleModule", action = "Article", controller = "Article"}. Executing controller action with signature System.Threading.Tasks.Task`1[Microsoft.AspNetCore.Mvc.JsonResult] Article(Int32) on controller articleModule.Controllers.ArticleController (articleModule). 
2020-04-19 21:24:01.7666|Default|0HLV4CJ9AAQC8:00000004||articleModule.Controllers.ArticleController|INFO|============> start query pageindex 
2020-04-19 21:24:01.7987|Default|0HLV4CJ9AAQC8:00000004||Microsoft.AspNetCore.Mvc.NewtonsoftJson.NewtonsoftJsonResultExecutor|INFO|Executing JsonResult, writing value of type 'System.Collections.Generic.List`1[[articleModule.Controllers.demoDocument, articleModule, Version=1.0.0.0, Culture=neutral, PublicKeyToken=null]]'. 
2020-04-19 21:24:01.8005|Default|0HLV4CJ9AAQC8:00000004||Microsoft.AspNetCore.Mvc.Infrastructure.ControllerActionInvoker|INFO|Executed action articleModule.Controllers.ArticleController.Article (articleModule) in 37.5126ms 
2020-04-19 21:24:01.8021|Default|0HLV4CJ9AAQC8:00000004||Microsoft.AspNetCore.Routing.EndpointMiddleware|INFO|Executed endpoint 'articleModule.Controllers.ArticleController.Article (articleModule)' 
2020-04-19 21:24:01.8051|Default|0HLV4CJ9AAQC8:00000004||Microsoft.AspNetCore.Hosting.Diagnostics|INFO|Request finished in 47.8821ms 200 application/json; charset=utf-8 
2020-04-19 21:34:05.2379||||Microsoft.Hosting.Lifetime|INFO|Application is shutting down... 
2020-04-19 21:34:05.3527||||OrchardCore.Modules.ModularBackgroundService|ERROR|'ModularBackgroundService' is stopping. 
2020-04-19 21:34:20.6350||||Microsoft.AspNetCore.DataProtection.KeyManagement.XmlKeyManager|INFO|User profile is available. Using '/Users/liangke/.aspnet/DataProtection-Keys' as key repository; keys will not be encrypted at rest. 
2020-04-19 21:34:20.7813||||Microsoft.Hosting.Lifetime|INFO|Now listening on: http://localhost:4000 
2020-04-19 21:34:20.7828||||Microsoft.Hosting.Lifetime|INFO|Application started. Press Ctrl+C to shut down. 
2020-04-19 21:34:20.7830||||Microsoft.Hosting.Lifetime|INFO|Hosting environment: Development 
2020-04-19 21:34:20.7830||||Microsoft.Hosting.Lifetime|INFO|Content root path: /Users/liangke/netCoreProject/orchard/develop/myCms 
2020-04-19 21:34:22.6177|None|0HLV4CPFE1T02:00000001||Microsoft.AspNetCore.Hosting.Diagnostics|INFO|Request starting HTTP/1.1 GET http://localhost:4000/articleModule/article/article?pageIndex=2   
2020-04-19 21:34:22.6280|None|0HLV4CPFE1T02:00000001||OrchardCore.Environment.Shell.ShellHost|INFO|Start creation of shells 
2020-04-19 21:34:22.7402|None|0HLV4CPFE1T02:00000001||OrchardCore.Environment.Shell.Builders.ShellContextFactory|INFO|Creating shell context for tenant 'Default' 
2020-04-19 21:34:23.8370|None|0HLV4CPFE1T02:00000001||OrchardCore.Environment.Shell.ShellHost|INFO|Done pre-creating and registering shells 
2020-04-19 21:34:23.9075|Default|0HLV4CPFE1T02:00000001||OrchardCore.Data.Migration.DataMigrationManager|INFO|Updating feature 'OrchardCore.Alias' 
2020-04-19 21:34:23.9100|Default|0HLV4CPFE1T02:00000001||OrchardCore.Data.Migration.DataMigrationManager|INFO|Updating feature 'OrchardCore.Settings' 
2020-04-19 21:34:23.9109|Default|0HLV4CPFE1T02:00000001||OrchardCore.Data.Migration.DataMigrationManager|INFO|Updating feature 'OrchardCore.Liquid' 
2020-04-19 21:34:23.9109|Default|0HLV4CPFE1T02:00000001||OrchardCore.Data.Migration.DataMigrationManager|INFO|Updating feature 'OrchardCore.Contents' 
2020-04-19 21:34:23.9140|Default|0HLV4CPFE1T02:00000001||OrchardCore.Data.Migration.DataMigrationManager|INFO|Updating feature 'OrchardCore.ContentTypes' 
2020-04-19 21:34:23.9150|Default|0HLV4CPFE1T02:00000001||OrchardCore.Data.Migration.DataMigrationManager|ERROR|Could not run migrations automatically on 'OrchardCore.Alias' System.InvalidOperationException: Nullable object must have a value.
   at OrchardCore.Data.Migration.DataMigrationManager.UpdateAsync(String featureId)
   at OrchardCore.Data.Migration.DataMigrationManager.UpdateAllFeaturesAsync() in C:\projects\orchardcore\src\OrchardCore\OrchardCore.Data\Migration\DataMigrationManager.cs:line 364    at OrchardCore.Data.Migration.DataMigrationManager.UpdateAsync(String featureId)
   at OrchardCore.Data.Migration.DataMigrationManager.UpdateAllFeaturesAsync() in C:\projects\orchardcore\src\OrchardCore\OrchardCore.Data\Migration\DataMigrationManager.cs:line 364
2020-04-19 21:34:24.0572|Default|0HLV4CPFE1T02:00000001||OrchardCore.Modules.ModularTenantRouterMiddleware|INFO|Begin Routing Request 
2020-04-19 21:34:25.1701|Default|0HLV4CPFE1T02:00000001||Microsoft.AspNetCore.Routing.EndpointMiddleware|INFO|Executing endpoint 'articleModule.Controllers.ArticleController.Article (articleModule)' 
2020-04-19 21:34:25.2674|Default|0HLV4CPFE1T02:00000001||Microsoft.AspNetCore.Mvc.Infrastructure.ControllerActionInvoker|INFO|Route matched with {area = "articleModule", action = "Article", controller = "Article"}. Executing controller action with signature System.Threading.Tasks.Task`1[Microsoft.AspNetCore.Mvc.JsonResult] Article(Int32) on controller articleModule.Controllers.ArticleController (articleModule). 
2020-04-19 21:34:25.2698|Default|0HLV4CPFE1T02:00000001||articleModule.DbDapper|INFO|mysql ----> server=localhost;userid=root;pwd=!@#lk$%^;port=3306;database=mycms;SslMode=none 
2020-04-19 21:34:25.2800|Default|0HLV4CPFE1T02:00000001||articleModule.Controllers.ArticleController|INFO|============> start query pageindex 
2020-04-19 21:34:25.3072|Default|0HLV4CPFE1T02:00000001||articleModule.Controllers.ArticleController|INFO|============> target count  
2020-04-19 21:34:25.3458|Default|0HLV4CPFE1T02:00000001||OrchardCore.DisplayManagement.Descriptors.DefaultShapeTableManager|INFO|Start building shape table 
2020-04-19 21:34:25.3719|Default|0HLV4CPFE1T02:00000001||OrchardCore.DisplayManagement.Descriptors.DefaultShapeTableManager|INFO|Start discovering shapes 
2020-04-19 21:34:25.3746|Default|0HLV4CPFE1T02:00000001||OrchardCore.DisplayManagement.Descriptors.DefaultShapeTableManager|INFO|Start discovering candidate views filenames 
2020-04-19 21:34:25.3758|Default|0HLV4CPFE1T02:00000001||OrchardCore.DisplayManagement.Descriptors.DefaultShapeTableManager|INFO|Done discovering candidate views filenames 
2020-04-19 21:34:25.3767|Default|0HLV4CPFE1T02:00000001||OrchardCore.DisplayManagement.Descriptors.DefaultShapeTableManager|INFO|Start discovering candidate views filenames 
2020-04-19 21:34:25.3771|Default|0HLV4CPFE1T02:00000001||OrchardCore.DisplayManagement.Descriptors.DefaultShapeTableManager|INFO|Done discovering candidate views filenames 
2020-04-19 21:34:25.3790|Default|0HLV4CPFE1T02:00000001||OrchardCore.DisplayManagement.Descriptors.DefaultShapeTableManager|INFO|Start discovering candidate views filenames 
2020-04-19 21:34:25.3790|Default|0HLV4CPFE1T02:00000001||OrchardCore.DisplayManagement.Descriptors.DefaultShapeTableManager|INFO|Done discovering candidate views filenames 
2020-04-19 21:34:25.3790|Default|0HLV4CPFE1T02:00000001||OrchardCore.DisplayManagement.Descriptors.DefaultShapeTableManager|INFO|Start discovering candidate views filenames 
2020-04-19 21:34:25.3800|Default|0HLV4CPFE1T02:00000001||OrchardCore.DisplayManagement.Descriptors.DefaultShapeTableManager|INFO|Done discovering candidate views filenames 
2020-04-19 21:34:25.3800|Default|0HLV4CPFE1T02:00000001||OrchardCore.DisplayManagement.Descriptors.DefaultShapeTableManager|INFO|Start discovering candidate views filenames 
2020-04-19 21:34:25.3800|Default|0HLV4CPFE1T02:00000001||OrchardCore.DisplayManagement.Descriptors.DefaultShapeTableManager|INFO|Done discovering candidate views filenames 
2020-04-19 21:34:25.3809|Default|0HLV4CPFE1T02:00000001||OrchardCore.DisplayManagement.Descriptors.DefaultShapeTableManager|INFO|Start discovering candidate views filenames 
2020-04-19 21:34:25.3809|Default|0HLV4CPFE1T02:00000001||OrchardCore.DisplayManagement.Descriptors.DefaultShapeTableManager|INFO|Done discovering candidate views filenames 
2020-04-19 21:34:25.3818|Default|0HLV4CPFE1T02:00000001||OrchardCore.DisplayManagement.Descriptors.DefaultShapeTableManager|INFO|Start discovering candidate views filenames 
2020-04-19 21:34:25.3818|Default|0HLV4CPFE1T02:00000001||OrchardCore.DisplayManagement.Descriptors.DefaultShapeTableManager|INFO|Done discovering candidate views filenames 
2020-04-19 21:34:25.3860|Default|0HLV4CPFE1T02:00000001||OrchardCore.DisplayManagement.Descriptors.DefaultShapeTableManager|INFO|Start discovering candidate views filenames 
2020-04-19 21:34:25.3860|Default|0HLV4CPFE1T02:00000001||OrchardCore.DisplayManagement.Descriptors.DefaultShapeTableManager|INFO|Done discovering candidate views filenames 
2020-04-19 21:34:25.3870|Default|0HLV4CPFE1T02:00000001||OrchardCore.DisplayManagement.Descriptors.DefaultShapeTableManager|INFO|Start discovering candidate views filenames 
2020-04-19 21:34:25.3870|Default|0HLV4CPFE1T02:00000001||OrchardCore.DisplayManagement.Descriptors.DefaultShapeTableManager|INFO|Done discovering candidate views filenames 
2020-04-19 21:34:25.3870|Default|0HLV4CPFE1T02:00000001||OrchardCore.DisplayManagement.Descriptors.DefaultShapeTableManager|INFO|Start discovering candidate views filenames 
2020-04-19 21:34:25.3878|Default|0HLV4CPFE1T02:00000001||OrchardCore.DisplayManagement.Descriptors.DefaultShapeTableManager|INFO|Done discovering candidate views filenames 
2020-04-19 21:34:25.3878|Default|0HLV4CPFE1T02:00000001||OrchardCore.DisplayManagement.Descriptors.DefaultShapeTableManager|INFO|Start discovering candidate views filenames 
2020-04-19 21:34:25.3878|Default|0HLV4CPFE1T02:00000001||OrchardCore.DisplayManagement.Descriptors.DefaultShapeTableManager|INFO|Done discovering candidate views filenames 
2020-04-19 21:34:25.3917|Default|0HLV4CPFE1T02:00000001||OrchardCore.DisplayManagement.Descriptors.DefaultShapeTableManager|INFO|Start discovering candidate views filenames 
2020-04-19 21:34:25.3922|Default|0HLV4CPFE1T02:00000001||OrchardCore.DisplayManagement.Descriptors.DefaultShapeTableManager|INFO|Done discovering candidate views filenames 
2020-04-19 21:34:25.3922|Default|0HLV4CPFE1T02:00000001||OrchardCore.DisplayManagement.Descriptors.DefaultShapeTableManager|INFO|Start discovering candidate views filenames 
2020-04-19 21:34:25.3928|Default|0HLV4CPFE1T02:00000001||OrchardCore.DisplayManagement.Descriptors.DefaultShapeTableManager|INFO|Done discovering candidate views filenames 
2020-04-19 21:34:25.3928|Default|0HLV4CPFE1T02:00000001||OrchardCore.DisplayManagement.Descriptors.DefaultShapeTableManager|INFO|Start discovering candidate views filenames 
2020-04-19 21:34:25.3928|Default|0HLV4CPFE1T02:00000001||OrchardCore.DisplayManagement.Descriptors.DefaultShapeTableManager|INFO|Done discovering candidate views filenames 
2020-04-19 21:34:25.3928|Default|0HLV4CPFE1T02:00000001||OrchardCore.DisplayManagement.Descriptors.DefaultShapeTableManager|INFO|Start discovering candidate views filenames 
2020-04-19 21:34:25.3941|Default|0HLV4CPFE1T02:00000001||OrchardCore.DisplayManagement.Descriptors.DefaultShapeTableManager|INFO|Done discovering candidate views filenames 
2020-04-19 21:34:25.3941|Default|0HLV4CPFE1T02:00000001||OrchardCore.DisplayManagement.Descriptors.DefaultShapeTableManager|INFO|Start discovering candidate views filenames 
2020-04-19 21:34:25.3948|Default|0HLV4CPFE1T02:00000001||OrchardCore.DisplayManagement.Descriptors.DefaultShapeTableManager|INFO|Done discovering candidate views filenames 
2020-04-19 21:34:25.3948|Default|0HLV4CPFE1T02:00000001||OrchardCore.DisplayManagement.Descriptors.DefaultShapeTableManager|INFO|Start discovering candidate views filenames 
2020-04-19 21:34:25.3948|Default|0HLV4CPFE1T02:00000001||OrchardCore.DisplayManagement.Descriptors.DefaultShapeTableManager|INFO|Done discovering candidate views filenames 
2020-04-19 21:34:25.3948|Default|0HLV4CPFE1T02:00000001||OrchardCore.DisplayManagement.Descriptors.DefaultShapeTableManager|INFO|Start discovering candidate views filenames 
2020-04-19 21:34:25.3948|Default|0HLV4CPFE1T02:00000001||OrchardCore.DisplayManagement.Descriptors.DefaultShapeTableManager|INFO|Done discovering candidate views filenames 
2020-04-19 21:34:25.3948|Default|0HLV4CPFE1T02:00000001||OrchardCore.DisplayManagement.Descriptors.DefaultShapeTableManager|INFO|Start discovering candidate views filenames 
2020-04-19 21:34:25.3960|Default|0HLV4CPFE1T02:00000001||OrchardCore.DisplayManagement.Descriptors.DefaultShapeTableManager|INFO|Done discovering candidate views filenames 
2020-04-19 21:34:25.3960|Default|0HLV4CPFE1T02:00000001||OrchardCore.DisplayManagement.Descriptors.DefaultShapeTableManager|INFO|Start discovering candidate views filenames 
2020-04-19 21:34:25.3960|Default|0HLV4CPFE1T02:00000001||OrchardCore.DisplayManagement.Descriptors.DefaultShapeTableManager|INFO|Done discovering candidate views filenames 
2020-04-19 21:34:25.3969|Default|0HLV4CPFE1T02:00000001||OrchardCore.DisplayManagement.Descriptors.DefaultShapeTableManager|INFO|Start discovering candidate views filenames 
2020-04-19 21:34:25.3969|Default|0HLV4CPFE1T02:00000001||OrchardCore.DisplayManagement.Descriptors.DefaultShapeTableManager|INFO|Done discovering candidate views filenames 
2020-04-19 21:34:25.3969|Default|0HLV4CPFE1T02:00000001||OrchardCore.DisplayManagement.Descriptors.DefaultShapeTableManager|INFO|Start discovering candidate views filenames 
2020-04-19 21:34:25.3982|Default|0HLV4CPFE1T02:00000001||OrchardCore.DisplayManagement.Descriptors.DefaultShapeTableManager|INFO|Done discovering candidate views filenames 
2020-04-19 21:34:25.3982|Default|0HLV4CPFE1T02:00000001||OrchardCore.DisplayManagement.Descriptors.DefaultShapeTableManager|INFO|Start discovering candidate views filenames 
2020-04-19 21:34:25.3982|Default|0HLV4CPFE1T02:00000001||OrchardCore.DisplayManagement.Descriptors.DefaultShapeTableManager|INFO|Done discovering candidate views filenames 
2020-04-19 21:34:25.3993|Default|0HLV4CPFE1T02:00000001||OrchardCore.DisplayManagement.Descriptors.DefaultShapeTableManager|INFO|Start discovering candidate views filenames 
2020-04-19 21:34:25.3993|Default|0HLV4CPFE1T02:00000001||OrchardCore.DisplayManagement.Descriptors.DefaultShapeTableManager|INFO|Done discovering candidate views filenames 
2020-04-19 21:34:25.3993|Default|0HLV4CPFE1T02:00000001||OrchardCore.DisplayManagement.Descriptors.DefaultShapeTableManager|INFO|Start discovering candidate views filenames 
2020-04-19 21:34:25.4000|Default|0HLV4CPFE1T02:00000001||OrchardCore.DisplayManagement.Descriptors.DefaultShapeTableManager|INFO|Done discovering candidate views filenames 
2020-04-19 21:34:25.4000|Default|0HLV4CPFE1T02:00000001||OrchardCore.DisplayManagement.Descriptors.DefaultShapeTableManager|INFO|Start discovering candidate views filenames 
2020-04-19 21:34:25.4010|Default|0HLV4CPFE1T02:00000001||OrchardCore.DisplayManagement.Descriptors.DefaultShapeTableManager|INFO|Done discovering candidate views filenames 
2020-04-19 21:34:25.4010|Default|0HLV4CPFE1T02:00000001||OrchardCore.DisplayManagement.Descriptors.DefaultShapeTableManager|INFO|Start discovering candidate views filenames 
2020-04-19 21:34:25.4010|Default|0HLV4CPFE1T02:00000001||OrchardCore.DisplayManagement.Descriptors.DefaultShapeTableManager|INFO|Done discovering candidate views filenames 
2020-04-19 21:34:25.4010|Default|0HLV4CPFE1T02:00000001||OrchardCore.DisplayManagement.Descriptors.DefaultShapeTableManager|INFO|Start discovering candidate views filenames 
2020-04-19 21:34:25.4010|Default|0HLV4CPFE1T02:00000001||OrchardCore.DisplayManagement.Descriptors.DefaultShapeTableManager|INFO|Done discovering candidate views filenames 
2020-04-19 21:34:25.4021|Default|0HLV4CPFE1T02:00000001||OrchardCore.DisplayManagement.Descriptors.DefaultShapeTableManager|INFO|Start discovering candidate views filenames 
2020-04-19 21:34:25.4021|Default|0HLV4CPFE1T02:00000001||OrchardCore.DisplayManagement.Descriptors.DefaultShapeTableManager|INFO|Done discovering candidate views filenames 
2020-04-19 21:34:25.4021|Default|0HLV4CPFE1T02:00000001||OrchardCore.DisplayManagement.Descriptors.DefaultShapeTableManager|INFO|Start discovering candidate views filenames 
2020-04-19 21:34:25.4031|Default|0HLV4CPFE1T02:00000001||OrchardCore.DisplayManagement.Descriptors.DefaultShapeTableManager|INFO|Done discovering candidate views filenames 
2020-04-19 21:34:25.4039|Default|0HLV4CPFE1T02:00000001||OrchardCore.DisplayManagement.Descriptors.DefaultShapeTableManager|INFO|Start discovering candidate views filenames 
2020-04-19 21:34:25.4039|Default|0HLV4CPFE1T02:00000001||OrchardCore.DisplayManagement.Descriptors.DefaultShapeTableManager|INFO|Done discovering candidate views filenames 
2020-04-19 21:34:25.4049|Default|0HLV4CPFE1T02:00000001||OrchardCore.DisplayManagement.Descriptors.DefaultShapeTableManager|INFO|Start discovering candidate views filenames 
2020-04-19 21:34:25.4049|Default|0HLV4CPFE1T02:00000001||OrchardCore.DisplayManagement.Descriptors.DefaultShapeTableManager|INFO|Done discovering candidate views filenames 
2020-04-19 21:34:25.4058|Default|0HLV4CPFE1T02:00000001||OrchardCore.DisplayManagement.Descriptors.DefaultShapeTableManager|INFO|Start discovering candidate views filenames 
2020-04-19 21:34:25.4058|Default|0HLV4CPFE1T02:00000001||OrchardCore.DisplayManagement.Descriptors.DefaultShapeTableManager|INFO|Done discovering candidate views filenames 
2020-04-19 21:34:25.4058|Default|0HLV4CPFE1T02:00000001||OrchardCore.DisplayManagement.Descriptors.DefaultShapeTableManager|INFO|Start discovering candidate views filenames 
2020-04-19 21:34:25.4058|Default|0HLV4CPFE1T02:00000001||OrchardCore.DisplayManagement.Descriptors.DefaultShapeTableManager|INFO|Done discovering candidate views filenames 
2020-04-19 21:34:25.4071|Default|0HLV4CPFE1T02:00000001||OrchardCore.DisplayManagement.Descriptors.DefaultShapeTableManager|INFO|Start discovering candidate views filenames 
2020-04-19 21:34:25.4071|Default|0HLV4CPFE1T02:00000001||OrchardCore.DisplayManagement.Descriptors.DefaultShapeTableManager|INFO|Done discovering candidate views filenames 
2020-04-19 21:34:25.4071|Default|0HLV4CPFE1T02:00000001||OrchardCore.DisplayManagement.Descriptors.DefaultShapeTableManager|INFO|Start discovering candidate views filenames 
2020-04-19 21:34:25.4079|Default|0HLV4CPFE1T02:00000001||OrchardCore.DisplayManagement.Descriptors.DefaultShapeTableManager|INFO|Done discovering candidate views filenames 
2020-04-19 21:34:25.4079|Default|0HLV4CPFE1T02:00000001||OrchardCore.DisplayManagement.Descriptors.DefaultShapeTableManager|INFO|Start discovering candidate views filenames 
2020-04-19 21:34:25.4090|Default|0HLV4CPFE1T02:00000001||OrchardCore.DisplayManagement.Descriptors.DefaultShapeTableManager|INFO|Done discovering candidate views filenames 
2020-04-19 21:34:25.4103|Default|0HLV4CPFE1T02:00000001||OrchardCore.DisplayManagement.Descriptors.DefaultShapeTableManager|INFO|Start discovering candidate views filenames 
2020-04-19 21:34:25.4103|Default|0HLV4CPFE1T02:00000001||OrchardCore.DisplayManagement.Descriptors.DefaultShapeTableManager|INFO|Done discovering candidate views filenames 
2020-04-19 21:34:25.4103|Default|0HLV4CPFE1T02:00000001||OrchardCore.DisplayManagement.Descriptors.DefaultShapeTableManager|INFO|Start discovering candidate views filenames 
2020-04-19 21:34:25.4110|Default|0HLV4CPFE1T02:00000001||OrchardCore.DisplayManagement.Descriptors.DefaultShapeTableManager|INFO|Done discovering candidate views filenames 
2020-04-19 21:34:25.4110|Default|0HLV4CPFE1T02:00000001||OrchardCore.DisplayManagement.Descriptors.DefaultShapeTableManager|INFO|Start discovering candidate views filenames 
2020-04-19 21:34:25.4110|Default|0HLV4CPFE1T02:00000001||OrchardCore.DisplayManagement.Descriptors.DefaultShapeTableManager|INFO|Done discovering candidate views filenames 
2020-04-19 21:34:25.4110|Default|0HLV4CPFE1T02:00000001||OrchardCore.DisplayManagement.Descriptors.DefaultShapeTableManager|INFO|Start discovering candidate views filenames 
2020-04-19 21:34:25.4121|Default|0HLV4CPFE1T02:00000001||OrchardCore.DisplayManagement.Descriptors.DefaultShapeTableManager|INFO|Done discovering candidate views filenames 
2020-04-19 21:34:25.4121|Default|0HLV4CPFE1T02:00000001||OrchardCore.DisplayManagement.Descriptors.DefaultShapeTableManager|INFO|Start discovering candidate views filenames 
2020-04-19 21:34:25.4121|Default|0HLV4CPFE1T02:00000001||OrchardCore.DisplayManagement.Descriptors.DefaultShapeTableManager|INFO|Done discovering candidate views filenames 
2020-04-19 21:34:25.4129|Default|0HLV4CPFE1T02:00000001||OrchardCore.DisplayManagement.Descriptors.DefaultShapeTableManager|INFO|Done discovering shapes 
2020-04-19 21:34:25.4380|Default|0HLV4CPFE1T02:00000001||OrchardCore.DisplayManagement.Descriptors.DefaultShapeTableManager|INFO|Done building shape table 
2020-04-19 21:34:25.5011|Default|0HLV4CPFE1T02:00000001||Microsoft.AspNetCore.Mvc.NewtonsoftJson.NewtonsoftJsonResultExecutor|INFO|Executing JsonResult, writing value of type 'System.Collections.Generic.List`1[[articleModule.Controllers.demoDocument, articleModule, Version=1.0.0.0, Culture=neutral, PublicKeyToken=null]]'. 
2020-04-19 21:34:25.5132|Default|0HLV4CPFE1T02:00000001||Microsoft.AspNetCore.Mvc.Infrastructure.ControllerActionInvoker|INFO|Executed action articleModule.Controllers.ArticleController.Article (articleModule) in 242.2666ms 
2020-04-19 21:34:25.5132|Default|0HLV4CPFE1T02:00000001||Microsoft.AspNetCore.Routing.EndpointMiddleware|INFO|Executed endpoint 'articleModule.Controllers.ArticleController.Article (articleModule)' 
2020-04-19 21:34:25.5160|Default|0HLV4CPFE1T02:00000001||Microsoft.AspNetCore.Hosting.Diagnostics|INFO|Request finished in 2899.4828ms 200 application/json; charset=utf-8 
2020-04-19 21:44:03.4439||||Microsoft.Hosting.Lifetime|INFO|Application is shutting down... 
2020-04-19 21:44:03.4674||||OrchardCore.Modules.ModularBackgroundService|ERROR|'ModularBackgroundService' is stopping. 
2020-04-19 21:45:39.5406||||Microsoft.AspNetCore.DataProtection.KeyManagement.XmlKeyManager|INFO|User profile is available. Using '/Users/liangke/.aspnet/DataProtection-Keys' as key repository; keys will not be encrypted at rest. 
2020-04-19 21:45:39.6738||||Microsoft.Hosting.Lifetime|INFO|Now listening on: http://localhost:4000 
2020-04-19 21:45:39.6749||||Microsoft.Hosting.Lifetime|INFO|Application started. Press Ctrl+C to shut down. 
2020-04-19 21:45:39.6749||||Microsoft.Hosting.Lifetime|INFO|Hosting environment: Development 
2020-04-19 21:45:39.6749||||Microsoft.Hosting.Lifetime|INFO|Content root path: /Users/liangke/netCoreProject/orchard/develop/myCms 
2020-04-19 21:45:43.7010|None|0HLV4CVQDC832:00000001||Microsoft.AspNetCore.Hosting.Diagnostics|INFO|Request starting HTTP/1.1 GET http://localhost:4000/articleModule/article/article?pageIndex=2   
2020-04-19 21:45:43.7118|None|0HLV4CVQDC832:00000001||OrchardCore.Environment.Shell.ShellHost|INFO|Start creation of shells 
2020-04-19 21:45:43.7909|None|0HLV4CVQDC832:00000001||OrchardCore.Environment.Shell.Builders.ShellContextFactory|INFO|Creating shell context for tenant 'Default' 
2020-04-19 21:45:44.6309|None|0HLV4CVQDC832:00000001||OrchardCore.Environment.Shell.ShellHost|INFO|Done pre-creating and registering shells 
2020-04-19 21:45:44.6843|Default|0HLV4CVQDC832:00000001||OrchardCore.Data.Migration.DataMigrationManager|INFO|Updating feature 'OrchardCore.Alias' 
2020-04-19 21:45:44.6863|Default|0HLV4CVQDC832:00000001||OrchardCore.Data.Migration.DataMigrationManager|INFO|Updating feature 'OrchardCore.Settings' 
2020-04-19 21:45:44.6871|Default|0HLV4CVQDC832:00000001||OrchardCore.Data.Migration.DataMigrationManager|INFO|Updating feature 'OrchardCore.Liquid' 
2020-04-19 21:45:44.6871|Default|0HLV4CVQDC832:00000001||OrchardCore.Data.Migration.DataMigrationManager|INFO|Updating feature 'OrchardCore.Contents' 
2020-04-19 21:45:44.6896|Default|0HLV4CVQDC832:00000001||OrchardCore.Data.Migration.DataMigrationManager|INFO|Updating feature 'OrchardCore.ContentTypes' 
2020-04-19 21:45:44.6896|Default|0HLV4CVQDC832:00000001||OrchardCore.Data.Migration.DataMigrationManager|ERROR|Could not run migrations automatically on 'OrchardCore.Alias' System.InvalidOperationException: Nullable object must have a value.
   at OrchardCore.Data.Migration.DataMigrationManager.UpdateAsync(String featureId)
   at OrchardCore.Data.Migration.DataMigrationManager.UpdateAllFeaturesAsync() in C:\projects\orchardcore\src\OrchardCore\OrchardCore.Data\Migration\DataMigrationManager.cs:line 364    at OrchardCore.Data.Migration.DataMigrationManager.UpdateAsync(String featureId)
   at OrchardCore.Data.Migration.DataMigrationManager.UpdateAllFeaturesAsync() in C:\projects\orchardcore\src\OrchardCore\OrchardCore.Data\Migration\DataMigrationManager.cs:line 364
2020-04-19 21:45:44.7835|Default|0HLV4CVQDC832:00000001||OrchardCore.Modules.ModularTenantRouterMiddleware|INFO|Begin Routing Request 
2020-04-19 21:45:45.8262|Default|0HLV4CVQDC832:00000001||Microsoft.AspNetCore.Routing.EndpointMiddleware|INFO|Executing endpoint 'articleModule.Controllers.ArticleController.Article (articleModule)' 
2020-04-19 21:45:45.9077|Default|0HLV4CVQDC832:00000001||Microsoft.AspNetCore.Mvc.Infrastructure.ControllerActionInvoker|INFO|Route matched with {area = "articleModule", action = "Article", controller = "Article"}. Executing controller action with signature System.Threading.Tasks.Task`1[Microsoft.AspNetCore.Mvc.JsonResult] Article(Int32) on controller articleModule.Controllers.ArticleController (articleModule). 
2020-04-19 21:45:45.9101|Default|0HLV4CVQDC832:00000001||articleModule.DbDapper|INFO|mysql ----> server=localhost;userid=root;pwd=!@#lk$%^;port=3306;database=mycms;SslMode=none 
2020-04-19 21:45:45.9207|Default|0HLV4CVQDC832:00000001||articleModule.Controllers.ArticleController|INFO|============> start query 2 
2020-04-19 21:45:45.9427|Default|0HLV4CVQDC832:00000001||articleModule.Controllers.ArticleController|INFO|============> target 2  
2020-04-19 21:45:45.9855|Default|0HLV4CVQDC832:00000001||OrchardCore.DisplayManagement.Descriptors.DefaultShapeTableManager|INFO|Start building shape table 
2020-04-19 21:45:46.0106|Default|0HLV4CVQDC832:00000001||OrchardCore.DisplayManagement.Descriptors.DefaultShapeTableManager|INFO|Start discovering shapes 
2020-04-19 21:45:46.0126|Default|0HLV4CVQDC832:00000001||OrchardCore.DisplayManagement.Descriptors.DefaultShapeTableManager|INFO|Start discovering candidate views filenames 
2020-04-19 21:45:46.0138|Default|0HLV4CVQDC832:00000001||OrchardCore.DisplayManagement.Descriptors.DefaultShapeTableManager|INFO|Done discovering candidate views filenames 
2020-04-19 21:45:46.0147|Default|0HLV4CVQDC832:00000001||OrchardCore.DisplayManagement.Descriptors.DefaultShapeTableManager|INFO|Start discovering candidate views filenames 
2020-04-19 21:45:46.0147|Default|0HLV4CVQDC832:00000001||OrchardCore.DisplayManagement.Descriptors.DefaultShapeTableManager|INFO|Done discovering candidate views filenames 
2020-04-19 21:45:46.0175|Default|0HLV4CVQDC832:00000001||OrchardCore.DisplayManagement.Descriptors.DefaultShapeTableManager|INFO|Start discovering candidate views filenames 
2020-04-19 21:45:46.0175|Default|0HLV4CVQDC832:00000001||OrchardCore.DisplayManagement.Descriptors.DefaultShapeTableManager|INFO|Done discovering candidate views filenames 
2020-04-19 21:45:46.0175|Default|0HLV4CVQDC832:00000001||OrchardCore.DisplayManagement.Descriptors.DefaultShapeTableManager|INFO|Start discovering candidate views filenames 
2020-04-19 21:45:46.0188|Default|0HLV4CVQDC832:00000001||OrchardCore.DisplayManagement.Descriptors.DefaultShapeTableManager|INFO|Done discovering candidate views filenames 
2020-04-19 21:45:46.0188|Default|0HLV4CVQDC832:00000001||OrchardCore.DisplayManagement.Descriptors.DefaultShapeTableManager|INFO|Start discovering candidate views filenames 
2020-04-19 21:45:46.0199|Default|0HLV4CVQDC832:00000001||OrchardCore.DisplayManagement.Descriptors.DefaultShapeTableManager|INFO|Done discovering candidate views filenames 
2020-04-19 21:45:46.0199|Default|0HLV4CVQDC832:00000001||OrchardCore.DisplayManagement.Descriptors.DefaultShapeTableManager|INFO|Start discovering candidate views filenames 
2020-04-19 21:45:46.0207|Default|0HLV4CVQDC832:00000001||OrchardCore.DisplayManagement.Descriptors.DefaultShapeTableManager|INFO|Done discovering candidate views filenames 
2020-04-19 21:45:46.0207|Default|0HLV4CVQDC832:00000001||OrchardCore.DisplayManagement.Descriptors.DefaultShapeTableManager|INFO|Start discovering candidate views filenames 
2020-04-19 21:45:46.0221|Default|0HLV4CVQDC832:00000001||OrchardCore.DisplayManagement.Descriptors.DefaultShapeTableManager|INFO|Done discovering candidate views filenames 
2020-04-19 21:45:46.0255|Default|0HLV4CVQDC832:00000001||OrchardCore.DisplayManagement.Descriptors.DefaultShapeTableManager|INFO|Start discovering candidate views filenames 
2020-04-19 21:45:46.0255|Default|0HLV4CVQDC832:00000001||OrchardCore.DisplayManagement.Descriptors.DefaultShapeTableManager|INFO|Done discovering candidate views filenames 
2020-04-19 21:45:46.0267|Default|0HLV4CVQDC832:00000001||OrchardCore.DisplayManagement.Descriptors.DefaultShapeTableManager|INFO|Start discovering candidate views filenames 
2020-04-19 21:45:46.0267|Default|0HLV4CVQDC832:00000001||OrchardCore.DisplayManagement.Descriptors.DefaultShapeTableManager|INFO|Done discovering candidate views filenames 
2020-04-19 21:45:46.0277|Default|0HLV4CVQDC832:00000001||OrchardCore.DisplayManagement.Descriptors.DefaultShapeTableManager|INFO|Start discovering candidate views filenames 
2020-04-19 21:45:46.0277|Default|0HLV4CVQDC832:00000001||OrchardCore.DisplayManagement.Descriptors.DefaultShapeTableManager|INFO|Done discovering candidate views filenames 
2020-04-19 21:45:46.0285|Default|0HLV4CVQDC832:00000001||OrchardCore.DisplayManagement.Descriptors.DefaultShapeTableManager|INFO|Start discovering candidate views filenames 
2020-04-19 21:45:46.0285|Default|0HLV4CVQDC832:00000001||OrchardCore.DisplayManagement.Descriptors.DefaultShapeTableManager|INFO|Done discovering candidate views filenames 
2020-04-19 21:45:46.0347|Default|0HLV4CVQDC832:00000001||OrchardCore.DisplayManagement.Descriptors.DefaultShapeTableManager|INFO|Start discovering candidate views filenames 
2020-04-19 21:45:46.0347|Default|0HLV4CVQDC832:00000001||OrchardCore.DisplayManagement.Descriptors.DefaultShapeTableManager|INFO|Done discovering candidate views filenames 
2020-04-19 21:45:46.0357|Default|0HLV4CVQDC832:00000001||OrchardCore.DisplayManagement.Descriptors.DefaultShapeTableManager|INFO|Start discovering candidate views filenames 
2020-04-19 21:45:46.0357|Default|0HLV4CVQDC832:00000001||OrchardCore.DisplayManagement.Descriptors.DefaultShapeTableManager|INFO|Done discovering candidate views filenames 
2020-04-19 21:45:46.0364|Default|0HLV4CVQDC832:00000001||OrchardCore.DisplayManagement.Descriptors.DefaultShapeTableManager|INFO|Start discovering candidate views filenames 
2020-04-19 21:45:46.0364|Default|0HLV4CVQDC832:00000001||OrchardCore.DisplayManagement.Descriptors.DefaultShapeTableManager|INFO|Done discovering candidate views filenames 
2020-04-19 21:45:46.0376|Default|0HLV4CVQDC832:00000001||OrchardCore.DisplayManagement.Descriptors.DefaultShapeTableManager|INFO|Start discovering candidate views filenames 
2020-04-19 21:45:46.0376|Default|0HLV4CVQDC832:00000001||OrchardCore.DisplayManagement.Descriptors.DefaultShapeTableManager|INFO|Done discovering candidate views filenames 
2020-04-19 21:45:46.0394|Default|0HLV4CVQDC832:00000001||OrchardCore.DisplayManagement.Descriptors.DefaultShapeTableManager|INFO|Start discovering candidate views filenames 
2020-04-19 21:45:46.0400|Default|0HLV4CVQDC832:00000001||OrchardCore.DisplayManagement.Descriptors.DefaultShapeTableManager|INFO|Done discovering candidate views filenames 
2020-04-19 21:45:46.0400|Default|0HLV4CVQDC832:00000001||OrchardCore.DisplayManagement.Descriptors.DefaultShapeTableManager|INFO|Start discovering candidate views filenames 
2020-04-19 21:45:46.0407|Default|0HLV4CVQDC832:00000001||OrchardCore.DisplayManagement.Descriptors.DefaultShapeTableManager|INFO|Done discovering candidate views filenames 
2020-04-19 21:45:46.0407|Default|0HLV4CVQDC832:00000001||OrchardCore.DisplayManagement.Descriptors.DefaultShapeTableManager|INFO|Start discovering candidate views filenames 
2020-04-19 21:45:46.0415|Default|0HLV4CVQDC832:00000001||OrchardCore.DisplayManagement.Descriptors.DefaultShapeTableManager|INFO|Done discovering candidate views filenames 
2020-04-19 21:45:46.0415|Default|0HLV4CVQDC832:00000001||OrchardCore.DisplayManagement.Descriptors.DefaultShapeTableManager|INFO|Start discovering candidate views filenames 
2020-04-19 21:45:46.0415|Default|0HLV4CVQDC832:00000001||OrchardCore.DisplayManagement.Descriptors.DefaultShapeTableManager|INFO|Done discovering candidate views filenames 
2020-04-19 21:45:46.0415|Default|0HLV4CVQDC832:00000001||OrchardCore.DisplayManagement.Descriptors.DefaultShapeTableManager|INFO|Start discovering candidate views filenames 
2020-04-19 21:45:46.0429|Default|0HLV4CVQDC832:00000001||OrchardCore.DisplayManagement.Descriptors.DefaultShapeTableManager|INFO|Done discovering candidate views filenames 
2020-04-19 21:45:46.0435|Default|0HLV4CVQDC832:00000001||OrchardCore.DisplayManagement.Descriptors.DefaultShapeTableManager|INFO|Start discovering candidate views filenames 
2020-04-19 21:45:46.0435|Default|0HLV4CVQDC832:00000001||OrchardCore.DisplayManagement.Descriptors.DefaultShapeTableManager|INFO|Done discovering candidate views filenames 
2020-04-19 21:45:46.0445|Default|0HLV4CVQDC832:00000001||OrchardCore.DisplayManagement.Descriptors.DefaultShapeTableManager|INFO|Start discovering candidate views filenames 
2020-04-19 21:45:46.0445|Default|0HLV4CVQDC832:00000001||OrchardCore.DisplayManagement.Descriptors.DefaultShapeTableManager|INFO|Done discovering candidate views filenames 
2020-04-19 21:45:46.0445|Default|0HLV4CVQDC832:00000001||OrchardCore.DisplayManagement.Descriptors.DefaultShapeTableManager|INFO|Start discovering candidate views filenames 
2020-04-19 21:45:46.0456|Default|0HLV4CVQDC832:00000001||OrchardCore.DisplayManagement.Descriptors.DefaultShapeTableManager|INFO|Done discovering candidate views filenames 
2020-04-19 21:45:46.0456|Default|0HLV4CVQDC832:00000001||OrchardCore.DisplayManagement.Descriptors.DefaultShapeTableManager|INFO|Start discovering candidate views filenames 
2020-04-19 21:45:46.0469|Default|0HLV4CVQDC832:00000001||OrchardCore.DisplayManagement.Descriptors.DefaultShapeTableManager|INFO|Done discovering candidate views filenames 
2020-04-19 21:45:46.0469|Default|0HLV4CVQDC832:00000001||OrchardCore.DisplayManagement.Descriptors.DefaultShapeTableManager|INFO|Start discovering candidate views filenames 
2020-04-19 21:45:46.0477|Default|0HLV4CVQDC832:00000001||OrchardCore.DisplayManagement.Descriptors.DefaultShapeTableManager|INFO|Done discovering candidate views filenames 
2020-04-19 21:45:46.0477|Default|0HLV4CVQDC832:00000001||OrchardCore.DisplayManagement.Descriptors.DefaultShapeTableManager|INFO|Start discovering candidate views filenames 
2020-04-19 21:45:46.0489|Default|0HLV4CVQDC832:00000001||OrchardCore.DisplayManagement.Descriptors.DefaultShapeTableManager|INFO|Done discovering candidate views filenames 
2020-04-19 21:45:46.0489|Default|0HLV4CVQDC832:00000001||OrchardCore.DisplayManagement.Descriptors.DefaultShapeTableManager|INFO|Start discovering candidate views filenames 
2020-04-19 21:45:46.0496|Default|0HLV4CVQDC832:00000001||OrchardCore.DisplayManagement.Descriptors.DefaultShapeTableManager|INFO|Done discovering candidate views filenames 
2020-04-19 21:45:46.0496|Default|0HLV4CVQDC832:00000001||OrchardCore.DisplayManagement.Descriptors.DefaultShapeTableManager|INFO|Start discovering candidate views filenames 
2020-04-19 21:45:46.0496|Default|0HLV4CVQDC832:00000001||OrchardCore.DisplayManagement.Descriptors.DefaultShapeTableManager|INFO|Done discovering candidate views filenames 
2020-04-19 21:45:46.0509|Default|0HLV4CVQDC832:00000001||OrchardCore.DisplayManagement.Descriptors.DefaultShapeTableManager|INFO|Start discovering candidate views filenames 
2020-04-19 21:45:46.0515|Default|0HLV4CVQDC832:00000001||OrchardCore.DisplayManagement.Descriptors.DefaultShapeTableManager|INFO|Done discovering candidate views filenames 
2020-04-19 21:45:46.0515|Default|0HLV4CVQDC832:00000001||OrchardCore.DisplayManagement.Descriptors.DefaultShapeTableManager|INFO|Start discovering candidate views filenames 
2020-04-19 21:45:46.0528|Default|0HLV4CVQDC832:00000001||OrchardCore.DisplayManagement.Descriptors.DefaultShapeTableManager|INFO|Done discovering candidate views filenames 
2020-04-19 21:45:46.0546|Default|0HLV4CVQDC832:00000001||OrchardCore.DisplayManagement.Descriptors.DefaultShapeTableManager|INFO|Start discovering candidate views filenames 
2020-04-19 21:45:46.0557|Default|0HLV4CVQDC832:00000001||OrchardCore.DisplayManagement.Descriptors.DefaultShapeTableManager|INFO|Done discovering candidate views filenames 
2020-04-19 21:45:46.0569|Default|0HLV4CVQDC832:00000001||OrchardCore.DisplayManagement.Descriptors.DefaultShapeTableManager|INFO|Start discovering candidate views filenames 
2020-04-19 21:45:46.0576|Default|0HLV4CVQDC832:00000001||OrchardCore.DisplayManagement.Descriptors.DefaultShapeTableManager|INFO|Done discovering candidate views filenames 
2020-04-19 21:45:46.0589|Default|0HLV4CVQDC832:00000001||OrchardCore.DisplayManagement.Descriptors.DefaultShapeTableManager|INFO|Start discovering candidate views filenames 
2020-04-19 21:45:46.0597|Default|0HLV4CVQDC832:00000001||OrchardCore.DisplayManagement.Descriptors.DefaultShapeTableManager|INFO|Done discovering candidate views filenames 
2020-04-19 21:45:46.0597|Default|0HLV4CVQDC832:00000001||OrchardCore.DisplayManagement.Descriptors.DefaultShapeTableManager|INFO|Start discovering candidate views filenames 
2020-04-19 21:45:46.0608|Default|0HLV4CVQDC832:00000001||OrchardCore.DisplayManagement.Descriptors.DefaultShapeTableManager|INFO|Done discovering candidate views filenames 
2020-04-19 21:45:46.0617|Default|0HLV4CVQDC832:00000001||OrchardCore.DisplayManagement.Descriptors.DefaultShapeTableManager|INFO|Start discovering candidate views filenames 
2020-04-19 21:45:46.0617|Default|0HLV4CVQDC832:00000001||OrchardCore.DisplayManagement.Descriptors.DefaultShapeTableManager|INFO|Done discovering candidate views filenames 
2020-04-19 21:45:46.0626|Default|0HLV4CVQDC832:00000001||OrchardCore.DisplayManagement.Descriptors.DefaultShapeTableManager|INFO|Start discovering candidate views filenames 
2020-04-19 21:45:46.0626|Default|0HLV4CVQDC832:00000001||OrchardCore.DisplayManagement.Descriptors.DefaultShapeTableManager|INFO|Done discovering candidate views filenames 
2020-04-19 21:45:46.0644|Default|0HLV4CVQDC832:00000001||OrchardCore.DisplayManagement.Descriptors.DefaultShapeTableManager|INFO|Start discovering candidate views filenames 
2020-04-19 21:45:46.0652|Default|0HLV4CVQDC832:00000001||OrchardCore.DisplayManagement.Descriptors.DefaultShapeTableManager|INFO|Done discovering candidate views filenames 
2020-04-19 21:45:46.0677|Default|0HLV4CVQDC832:00000001||OrchardCore.DisplayManagement.Descriptors.DefaultShapeTableManager|INFO|Start discovering candidate views filenames 
2020-04-19 21:45:46.0677|Default|0HLV4CVQDC832:00000001||OrchardCore.DisplayManagement.Descriptors.DefaultShapeTableManager|INFO|Done discovering candidate views filenames 
2020-04-19 21:45:46.0677|Default|0HLV4CVQDC832:00000001||OrchardCore.DisplayManagement.Descriptors.DefaultShapeTableManager|INFO|Start discovering candidate views filenames 
2020-04-19 21:45:46.0691|Default|0HLV4CVQDC832:00000001||OrchardCore.DisplayManagement.Descriptors.DefaultShapeTableManager|INFO|Done discovering candidate views filenames 
2020-04-19 21:45:46.0701|Default|0HLV4CVQDC832:00000001||OrchardCore.DisplayManagement.Descriptors.DefaultShapeTableManager|INFO|Start discovering candidate views filenames 
2020-04-19 21:45:46.0712|Default|0HLV4CVQDC832:00000001||OrchardCore.DisplayManagement.Descriptors.DefaultShapeTableManager|INFO|Done discovering candidate views filenames 
2020-04-19 21:45:46.0718|Default|0HLV4CVQDC832:00000001||OrchardCore.DisplayManagement.Descriptors.DefaultShapeTableManager|INFO|Start discovering candidate views filenames 
2020-04-19 21:45:46.0725|Default|0HLV4CVQDC832:00000001||OrchardCore.DisplayManagement.Descriptors.DefaultShapeTableManager|INFO|Done discovering candidate views filenames 
2020-04-19 21:45:46.0725|Default|0HLV4CVQDC832:00000001||OrchardCore.DisplayManagement.Descriptors.DefaultShapeTableManager|INFO|Start discovering candidate views filenames 
2020-04-19 21:45:46.0735|Default|0HLV4CVQDC832:00000001||OrchardCore.DisplayManagement.Descriptors.DefaultShapeTableManager|INFO|Done discovering candidate views filenames 
2020-04-19 21:45:46.0735|Default|0HLV4CVQDC832:00000001||OrchardCore.DisplayManagement.Descriptors.DefaultShapeTableManager|INFO|Done discovering shapes 
2020-04-19 21:45:46.1137|Default|0HLV4CVQDC832:00000001||OrchardCore.DisplayManagement.Descriptors.DefaultShapeTableManager|INFO|Done building shape table 
2020-04-19 21:45:46.2033|Default|0HLV4CVQDC832:00000001||Microsoft.AspNetCore.Mvc.NewtonsoftJson.NewtonsoftJsonResultExecutor|INFO|Executing JsonResult, writing value of type 'System.Collections.Generic.List`1[[articleModule.Controllers.demoDocument, articleModule, Version=1.0.0.0, Culture=neutral, PublicKeyToken=null]]'. 
2020-04-19 21:45:46.2196|Default|0HLV4CVQDC832:00000001||Microsoft.AspNetCore.Mvc.Infrastructure.ControllerActionInvoker|INFO|Executed action articleModule.Controllers.ArticleController.Article (articleModule) in 306.97790000000003ms 
2020-04-19 21:45:46.2206|Default|0HLV4CVQDC832:00000001||Microsoft.AspNetCore.Routing.EndpointMiddleware|INFO|Executed endpoint 'articleModule.Controllers.ArticleController.Article (articleModule)' 
2020-04-19 21:45:46.2272|Default|0HLV4CVQDC832:00000001||Microsoft.AspNetCore.Hosting.Diagnostics|INFO|Request finished in 2527.1757000000002ms 200 application/json; charset=utf-8 
2020-04-19 21:45:55.6745|None|0HLV4CVQDC832:00000002||Microsoft.AspNetCore.Hosting.Diagnostics|INFO|Request starting HTTP/1.1 GET http://localhost:4000/articleModule/article/article   
2020-04-19 21:45:55.6771|Default|0HLV4CVQDC832:00000002||OrchardCore.Modules.ModularTenantRouterMiddleware|INFO|Begin Routing Request 
2020-04-19 21:45:55.6937|Default|0HLV4CVQDC832:00000002||Microsoft.AspNetCore.Routing.EndpointMiddleware|INFO|Executing endpoint 'articleModule.Controllers.ArticleController.Article (articleModule)' 
2020-04-19 21:45:55.7300|Default|0HLV4CVQDC832:00000002||Microsoft.AspNetCore.Mvc.Infrastructure.ControllerActionInvoker|INFO|Route matched with {area = "articleModule", action = "Article", controller = "Article"}. Executing controller action with signature System.Threading.Tasks.Task`1[Microsoft.AspNetCore.Mvc.JsonResult] Article(Int32) on controller articleModule.Controllers.ArticleController (articleModule). 
2020-04-19 21:45:55.7308|Default|0HLV4CVQDC832:00000002||articleModule.Controllers.ArticleController|INFO|============> start query 0 
2020-04-19 21:45:55.7356|Default|0HLV4CVQDC832:00000002||articleModule.Controllers.ArticleController|INFO|============> target 2  
2020-04-19 21:45:55.7491|Default|0HLV4CVQDC832:00000002||Microsoft.AspNetCore.Mvc.NewtonsoftJson.NewtonsoftJsonResultExecutor|INFO|Executing JsonResult, writing value of type 'System.Collections.Generic.List`1[[articleModule.Controllers.demoDocument, articleModule, Version=1.0.0.0, Culture=neutral, PublicKeyToken=null]]'. 
2020-04-19 21:45:55.7572|Default|0HLV4CVQDC832:00000002||Microsoft.AspNetCore.Mvc.Infrastructure.ControllerActionInvoker|INFO|Executed action articleModule.Controllers.ArticleController.Article (articleModule) in 26.8855ms 
2020-04-19 21:45:55.7575|Default|0HLV4CVQDC832:00000002||Microsoft.AspNetCore.Routing.EndpointMiddleware|INFO|Executed endpoint 'articleModule.Controllers.ArticleController.Article (articleModule)' 
2020-04-19 21:45:55.7575|Default|0HLV4CVQDC832:00000002||Microsoft.AspNetCore.Hosting.Diagnostics|INFO|Request finished in 83.4068ms 200 application/json; charset=utf-8 
2020-04-19 21:46:14.9212|None|0HLV4CVQDC832:00000003||Microsoft.AspNetCore.Hosting.Diagnostics|INFO|Request starting HTTP/1.1 GET http://localhost:4000/articleModule/article/article/12   
2020-04-19 21:46:14.9237|Default|0HLV4CVQDC832:00000003||OrchardCore.Modules.ModularTenantRouterMiddleware|INFO|Begin Routing Request 
2020-04-19 21:46:14.9304|Default|0HLV4CVQDC832:00000003||Microsoft.AspNetCore.Routing.EndpointMiddleware|INFO|Executing endpoint 'articleModule.Controllers.ArticleController.Article (articleModule)' 
2020-04-19 21:46:15.0097|Default|0HLV4CVQDC832:00000003||Microsoft.AspNetCore.Mvc.Infrastructure.ControllerActionInvoker|INFO|Route matched with {area = "articleModule", action = "Article", controller = "Article"}. Executing controller action with signature System.Threading.Tasks.Task`1[Microsoft.AspNetCore.Mvc.JsonResult] Article(Int32) on controller articleModule.Controllers.ArticleController (articleModule). 
2020-04-19 21:46:15.0108|Default|0HLV4CVQDC832:00000003||articleModule.Controllers.ArticleController|INFO|============> start query 0 
2020-04-19 21:46:15.0263|Default|0HLV4CVQDC832:00000003||articleModule.Controllers.ArticleController|INFO|============> target 2  
2020-04-19 21:46:15.0310|Default|0HLV4CVQDC832:00000003||Microsoft.AspNetCore.Mvc.NewtonsoftJson.NewtonsoftJsonResultExecutor|INFO|Executing JsonResult, writing value of type 'System.Collections.Generic.List`1[[articleModule.Controllers.demoDocument, articleModule, Version=1.0.0.0, Culture=neutral, PublicKeyToken=null]]'. 
2020-04-19 21:46:15.0323|Default|0HLV4CVQDC832:00000003||Microsoft.AspNetCore.Mvc.Infrastructure.ControllerActionInvoker|INFO|Executed action articleModule.Controllers.ArticleController.Article (articleModule) in 22.221600000000002ms 
2020-04-19 21:46:15.0326|Default|0HLV4CVQDC832:00000003||Microsoft.AspNetCore.Routing.EndpointMiddleware|INFO|Executed endpoint 'articleModule.Controllers.ArticleController.Article (articleModule)' 
2020-04-19 21:46:15.0326|Default|0HLV4CVQDC832:00000003||Microsoft.AspNetCore.Hosting.Diagnostics|INFO|Request finished in 112.32300000000001ms 200 application/json; charset=utf-8 
2020-04-19 21:46:30.2252|None|0HLV4CVQDC832:00000004||Microsoft.AspNetCore.Hosting.Diagnostics|INFO|Request starting HTTP/1.1 GET http://localhost:4000/articleModule/article/article?pageindex=1   
2020-04-19 21:46:30.2271|Default|0HLV4CVQDC832:00000004||OrchardCore.Modules.ModularTenantRouterMiddleware|INFO|Begin Routing Request 
2020-04-19 21:46:30.2289|Default|0HLV4CVQDC832:00000004||Microsoft.AspNetCore.Routing.EndpointMiddleware|INFO|Executing endpoint 'articleModule.Controllers.ArticleController.Article (articleModule)' 
2020-04-19 21:46:30.2327|Default|0HLV4CVQDC832:00000004||Microsoft.AspNetCore.Mvc.Infrastructure.ControllerActionInvoker|INFO|Route matched with {area = "articleModule", action = "Article", controller = "Article"}. Executing controller action with signature System.Threading.Tasks.Task`1[Microsoft.AspNetCore.Mvc.JsonResult] Article(Int32) on controller articleModule.Controllers.ArticleController (articleModule). 
2020-04-19 21:46:30.2342|Default|0HLV4CVQDC832:00000004||articleModule.Controllers.ArticleController|INFO|============> start query 1 
2020-04-19 21:46:30.2379|Default|0HLV4CVQDC832:00000004||articleModule.Controllers.ArticleController|INFO|============> target 2  
2020-04-19 21:46:30.2454|Default|0HLV4CVQDC832:00000004||Microsoft.AspNetCore.Mvc.NewtonsoftJson.NewtonsoftJsonResultExecutor|INFO|Executing JsonResult, writing value of type 'System.Collections.Generic.List`1[[articleModule.Controllers.demoDocument, articleModule, Version=1.0.0.0, Culture=neutral, PublicKeyToken=null]]'. 
2020-04-19 21:46:30.2472|Default|0HLV4CVQDC832:00000004||Microsoft.AspNetCore.Mvc.Infrastructure.ControllerActionInvoker|INFO|Executed action articleModule.Controllers.ArticleController.Article (articleModule) in 13.795200000000001ms 
2020-04-19 21:46:30.2476|Default|0HLV4CVQDC832:00000004||Microsoft.AspNetCore.Routing.EndpointMiddleware|INFO|Executed endpoint 'articleModule.Controllers.ArticleController.Article (articleModule)' 
2020-04-19 21:46:30.2484|Default|0HLV4CVQDC832:00000004||Microsoft.AspNetCore.Hosting.Diagnostics|INFO|Request finished in 23.3351ms 200 application/json; charset=utf-8 
2020-04-19 21:46:36.4339|None|0HLV4CVQDC832:00000005||Microsoft.AspNetCore.Hosting.Diagnostics|INFO|Request starting HTTP/1.1 GET http://localhost:4000/articleModule/article/article?pageindex=2   
2020-04-19 21:46:36.4387|Default|0HLV4CVQDC832:00000005||OrchardCore.Modules.ModularTenantRouterMiddleware|INFO|Begin Routing Request 
2020-04-19 21:46:36.4432|Default|0HLV4CVQDC832:00000005||Microsoft.AspNetCore.Routing.EndpointMiddleware|INFO|Executing endpoint 'articleModule.Controllers.ArticleController.Article (articleModule)' 
2020-04-19 21:46:36.4463|Default|0HLV4CVQDC832:00000005||Microsoft.AspNetCore.Mvc.Infrastructure.ControllerActionInvoker|INFO|Route matched with {area = "articleModule", action = "Article", controller = "Article"}. Executing controller action with signature System.Threading.Tasks.Task`1[Microsoft.AspNetCore.Mvc.JsonResult] Article(Int32) on controller articleModule.Controllers.ArticleController (articleModule). 
2020-04-19 21:46:36.4499|Default|0HLV4CVQDC832:00000005||articleModule.Controllers.ArticleController|INFO|============> start query 2 
2020-04-19 21:46:36.4592|Default|0HLV4CVQDC832:00000005||articleModule.Controllers.ArticleController|INFO|============> target 2  
2020-04-19 21:46:36.4797|Default|0HLV4CVQDC832:00000005||Microsoft.AspNetCore.Mvc.NewtonsoftJson.NewtonsoftJsonResultExecutor|INFO|Executing JsonResult, writing value of type 'System.Collections.Generic.List`1[[articleModule.Controllers.demoDocument, articleModule, Version=1.0.0.0, Culture=neutral, PublicKeyToken=null]]'. 
2020-04-19 21:46:36.4810|Default|0HLV4CVQDC832:00000005||Microsoft.AspNetCore.Mvc.Infrastructure.ControllerActionInvoker|INFO|Executed action articleModule.Controllers.ArticleController.Article (articleModule) in 33.941500000000005ms 
2020-04-19 21:46:36.4816|Default|0HLV4CVQDC832:00000005||Microsoft.AspNetCore.Routing.EndpointMiddleware|INFO|Executed endpoint 'articleModule.Controllers.ArticleController.Article (articleModule)' 
2020-04-19 21:46:36.4825|Default|0HLV4CVQDC832:00000005||Microsoft.AspNetCore.Hosting.Diagnostics|INFO|Request finished in 48.990300000000005ms 200 application/json; charset=utf-8 
2020-04-19 23:56:42.4168||||Microsoft.Hosting.Lifetime|INFO|Application is shutting down... 
2020-04-19 23:56:42.5333||||OrchardCore.Modules.ModularBackgroundService|ERROR|'ModularBackgroundService' is stopping. 
